<?xml version="1.0" encoding="UTF-8" standalone="yes"?><!DOCTYPE report PUBLIC "-//JACOCO//DTD Report 1.0//EN" "report.dtd"><report name="Mapcode Java Library"><sessioninfo id="NL4MCL-506824.local-938c0939" start="1525357707145" dump="1525357797367"/><package name="com/mapcode"><class name="com/mapcode/IncorrectDataModelException"><method name="&lt;init&gt;" desc="(Ljava/lang/String;)V" line="29"><counter type="INSTRUCTION" missed="4" covered="8"/><counter type="BRANCH" missed="2" covered="2"/><counter type="LINE" missed="0" covered="3"/><counter type="COMPLEXITY" missed="2" covered="1"/><counter type="METHOD" missed="0" covered="1"/></method><method name="&lt;clinit&gt;" desc="()V" line="25"><counter type="INSTRUCTION" missed="2" covered="6"/><counter type="BRANCH" missed="1" covered="1"/><counter type="LINE" missed="0" covered="1"/><counter type="COMPLEXITY" missed="1" covered="1"/><counter type="METHOD" missed="0" covered="1"/></method><counter type="INSTRUCTION" missed="6" covered="14"/><counter type="BRANCH" missed="3" covered="3"/><counter type="LINE" missed="0" covered="4"/><counter type="COMPLEXITY" missed="3" covered="2"/><counter type="METHOD" missed="0" covered="2"/><counter type="CLASS" missed="0" covered="1"/></class><class name="com/mapcode/Territory"><method name="getNumber" desc="()I" line="595"><counter type="INSTRUCTION" missed="0" covered="3"/><counter type="LINE" missed="0" covered="1"/><counter type="COMPLEXITY" missed="0" covered="1"/><counter type="METHOD" missed="0" covered="1"/></method><method name="getFullName" desc="()Ljava/lang/String;" line="605"><counter type="INSTRUCTION" missed="3" covered="0"/><counter type="LINE" missed="1" covered="0"/><counter type="COMPLEXITY" missed="1" covered="0"/><counter type="METHOD" missed="1" covered="0"/></method><method name="getAliases" desc="()[Ljava/lang/String;" line="615"><counter type="INSTRUCTION" missed="3" covered="0"/><counter type="LINE" missed="1" covered="0"/><counter type="COMPLEXITY" missed="1" covered="0"/><counter type="METHOD" missed="1" covered="0"/></method><method name="getParentTerritory" desc="()Lcom/mapcode/Territory;" line="625"><counter type="INSTRUCTION" missed="0" covered="3"/><counter type="LINE" missed="0" covered="1"/><counter type="COMPLEXITY" missed="0" covered="1"/><counter type="METHOD" missed="0" covered="1"/></method><method name="getFullNameAliases" desc="()[Ljava/lang/String;" line="635"><counter type="INSTRUCTION" missed="3" covered="0"/><counter type="LINE" missed="1" covered="0"/><counter type="COMPLEXITY" missed="1" covered="0"/><counter type="METHOD" missed="1" covered="0"/></method><method name="getAlphabets" desc="()[Lcom/mapcode/Alphabet;" line="645"><counter type="INSTRUCTION" missed="0" covered="3"/><counter type="LINE" missed="0" covered="1"/><counter type="COMPLEXITY" missed="0" covered="1"/><counter type="METHOD" missed="0" covered="1"/></method><method name="fromNumber" desc="(I)Lcom/mapcode/Territory;" line="658"><counter type="INSTRUCTION" missed="0" covered="16"/><counter type="BRANCH" missed="0" covered="4"/><counter type="LINE" missed="0" covered="3"/><counter type="COMPLEXITY" missed="0" covered="3"/><counter type="METHOD" missed="0" covered="1"/></method><method name="fromString" desc="(Ljava/lang/String;)Lcom/mapcode/Territory;" line="683"><counter type="INSTRUCTION" missed="0" covered="7"/><counter type="LINE" missed="0" covered="2"/><counter type="COMPLEXITY" missed="0" covered="1"/><counter type="METHOD" missed="0" covered="1"/></method><method name="fromString" desc="(Ljava/lang/String;Lcom/mapcode/Territory;)Lcom/mapcode/Territory;" line="699"><counter type="INSTRUCTION" missed="14" covered="14"/><counter type="BRANCH" missed="1" covered="1"/><counter type="LINE" missed="1" covered="4"/><counter type="COMPLEXITY" missed="1" covered="1"/><counter type="METHOD" missed="0" covered="1"/></method><method name="fromCountryISO2" desc="(Ljava/lang/String;)Lcom/mapcode/Territory;" line="716"><counter type="INSTRUCTION" missed="0" covered="4"/><counter type="LINE" missed="0" covered="1"/><counter type="COMPLEXITY" missed="0" covered="1"/><counter type="METHOD" missed="0" covered="1"/></method><method name="getCountryISO2FromISO3" desc="(Ljava/lang/String;)Ljava/lang/String;" line="727"><counter type="INSTRUCTION" missed="0" covered="24"/><counter type="BRANCH" missed="0" covered="2"/><counter type="LINE" missed="0" covered="4"/><counter type="COMPLEXITY" missed="0" covered="2"/><counter type="METHOD" missed="0" covered="1"/></method><method name="getCountryISO3FromISO2" desc="(Ljava/lang/String;)Ljava/lang/String;" line="743"><counter type="INSTRUCTION" missed="0" covered="31"/><counter type="BRANCH" missed="0" covered="2"/><counter type="LINE" missed="0" covered="6"/><counter type="COMPLEXITY" missed="0" covered="2"/><counter type="METHOD" missed="0" covered="1"/></method><method name="fromCountryISO3" desc="(Ljava/lang/String;)Lcom/mapcode/Territory;" line="765"><counter type="INSTRUCTION" missed="0" covered="22"/><counter type="BRANCH" missed="0" covered="2"/><counter type="LINE" missed="0" covered="3"/><counter type="COMPLEXITY" missed="0" covered="2"/><counter type="METHOD" missed="0" covered="1"/></method><method name="toString" desc="(Lcom/mapcode/Alphabet;)Ljava/lang/String;" line="780"><counter type="INSTRUCTION" missed="0" covered="5"/><counter type="LINE" missed="0" covered="1"/><counter type="COMPLEXITY" missed="0" covered="1"/><counter type="METHOD" missed="0" covered="1"/></method><method name="toString" desc="()Ljava/lang/String;" line="792"><counter type="INSTRUCTION" missed="0" covered="4"/><counter type="LINE" missed="0" covered="1"/><counter type="COMPLEXITY" missed="0" covered="1"/><counter type="METHOD" missed="0" covered="1"/></method><method name="toAlphaCode" desc="(Lcom/mapcode/Territory$AlphaCodeFormat;Lcom/mapcode/Alphabet;)Ljava/lang/String;" line="813"><counter type="INSTRUCTION" missed="41" covered="21"/><counter type="BRANCH" missed="11" covered="3"/><counter type="LINE" missed="7" covered="7"/><counter type="COMPLEXITY" missed="6" covered="2"/><counter type="METHOD" missed="0" covered="1"/></method><method name="toAlphaCode" desc="(Lcom/mapcode/Territory$AlphaCodeFormat;)Ljava/lang/String;" line="837"><counter type="INSTRUCTION" missed="0" covered="5"/><counter type="LINE" missed="0" covered="1"/><counter type="COMPLEXITY" missed="0" covered="1"/><counter type="METHOD" missed="0" covered="1"/></method><method name="isSubdivision" desc="()Z" line="846"><counter type="INSTRUCTION" missed="7" covered="0"/><counter type="BRANCH" missed="2" covered="0"/><counter type="LINE" missed="1" covered="0"/><counter type="COMPLEXITY" missed="2" covered="0"/><counter type="METHOD" missed="1" covered="0"/></method><method name="hasSubdivisions" desc="()Z" line="855"><counter type="INSTRUCTION" missed="4" covered="0"/><counter type="LINE" missed="1" covered="0"/><counter type="COMPLEXITY" missed="1" covered="0"/><counter type="METHOD" missed="1" covered="0"/></method><method name="&lt;init&gt;" desc="(Ljava/lang/String;IILjava/lang/String;)V" line="863"><counter type="INSTRUCTION" missed="0" covered="11"/><counter type="LINE" missed="0" covered="2"/><counter type="COMPLEXITY" missed="0" covered="1"/><counter type="METHOD" missed="0" covered="1"/></method><method name="&lt;init&gt;" desc="(Ljava/lang/String;IILjava/lang/String;[Lcom/mapcode/Alphabet;)V" line="869"><counter type="INSTRUCTION" missed="0" covered="11"/><counter type="LINE" missed="0" covered="2"/><counter type="COMPLEXITY" missed="0" covered="1"/><counter type="METHOD" missed="0" covered="1"/></method><method name="&lt;init&gt;" desc="(Ljava/lang/String;IILjava/lang/String;[Lcom/mapcode/Alphabet;Lcom/mapcode/Territory;)V" line="876"><counter type="INSTRUCTION" missed="0" covered="11"/><counter type="LINE" missed="0" covered="2"/><counter type="COMPLEXITY" missed="0" covered="1"/><counter type="METHOD" missed="0" covered="1"/></method><method name="&lt;init&gt;" desc="(Ljava/lang/String;IILjava/lang/String;[Lcom/mapcode/Alphabet;Lcom/mapcode/Territory;[Ljava/lang/String;)V" line="884"><counter type="INSTRUCTION" missed="0" covered="11"/><counter type="LINE" missed="0" covered="2"/><counter type="COMPLEXITY" missed="0" covered="1"/><counter type="METHOD" missed="0" covered="1"/></method><method name="&lt;init&gt;" desc="(Ljava/lang/String;IILjava/lang/String;[Lcom/mapcode/Alphabet;Lcom/mapcode/Territory;[Ljava/lang/String;[Ljava/lang/String;)V" line="892"><counter type="INSTRUCTION" missed="4" covered="46"/><counter type="BRANCH" missed="2" covered="8"/><counter type="LINE" missed="0" covered="9"/><counter type="COMPLEXITY" missed="2" covered="4"/><counter type="METHOD" missed="0" covered="1"/></method><method name="createFromString" desc="(Ljava/lang/String;Lcom/mapcode/Territory;)Lcom/mapcode/Territory;" line="1018"><counter type="INSTRUCTION" missed="0" covered="84"/><counter type="BRANCH" missed="0" covered="14"/><counter type="LINE" missed="0" covered="22"/><counter type="COMPLEXITY" missed="0" covered="8"/><counter type="METHOD" missed="0" covered="1"/></method><method name="addNameWithParentVariants" desc="(Ljava/lang/String;Lcom/mapcode/Territory;)V" line="1063"><counter type="INSTRUCTION" missed="0" covered="78"/><counter type="BRANCH" missed="1" covered="9"/><counter type="LINE" missed="0" covered="13"/><counter type="COMPLEXITY" missed="1" covered="5"/><counter type="METHOD" missed="0" covered="1"/></method><method name="addNameWithSeperatorVariants" desc="(Ljava/lang/String;Lcom/mapcode/Territory;)V" line="1092"><counter type="INSTRUCTION" missed="0" covered="14"/><counter type="BRANCH" missed="0" covered="2"/><counter type="LINE" missed="0" covered="4"/><counter type="COMPLEXITY" missed="0" covered="2"/><counter type="METHOD" missed="0" covered="1"/></method><method name="addName" desc="(Ljava/lang/String;Lcom/mapcode/Territory;)V" line="1102"><counter type="INSTRUCTION" missed="0" covered="84"/><counter type="BRANCH" missed="0" covered="18"/><counter type="LINE" missed="0" covered="22"/><counter type="COMPLEXITY" missed="0" covered="10"/><counter type="METHOD" missed="0" covered="1"/></method><method name="&lt;clinit&gt;" desc="()V" line="32"><counter type="INSTRUCTION" missed="100" covered="10590"/><counter type="BRANCH" missed="14" covered="30"/><counter type="LINE" missed="7" covered="580"/><counter type="COMPLEXITY" missed="14" covered="9"/><counter type="METHOD" missed="0" covered="1"/></method><counter type="INSTRUCTION" missed="179" covered="11102"/><counter type="BRANCH" missed="31" covered="95"/><counter type="LINE" missed="20" covered="694"/><counter type="COMPLEXITY" missed="30" covered="62"/><counter type="METHOD" missed="5" covered="24"/><counter type="CLASS" missed="0" covered="1"/></class><class name="com/mapcode/Decoder"><method name="decodeToMapcodeZone" desc="(Ljava/lang/String;Lcom/mapcode/Territory;)Lcom/mapcode/MapcodeZone;" line="52"><counter type="INSTRUCTION" missed="48" covered="346"/><counter type="BRANCH" missed="12" covered="92"/><counter type="LINE" missed="3" covered="75"/><counter type="COMPLEXITY" missed="12" covered="41"/><counter type="METHOD" missed="0" covered="1"/></method><method name="decodeGrid" desc="(Ljava/lang/String;IIIIILjava/lang/String;)Lcom/mapcode/MapcodeZone;" line="341"><counter type="INSTRUCTION" missed="22" covered="300"/><counter type="BRANCH" missed="3" covered="23"/><counter type="LINE" missed="2" covered="49"/><counter type="COMPLEXITY" missed="3" covered="11"/><counter type="METHOD" missed="0" covered="1"/></method><method name="decodeNameless" desc="(Ljava/lang/String;ILjava/lang/String;)Lcom/mapcode/MapcodeZone;" line="431"><counter type="INSTRUCTION" missed="30" covered="357"/><counter type="BRANCH" missed="4" covered="46"/><counter type="LINE" missed="4" covered="64"/><counter type="COMPLEXITY" missed="4" covered="22"/><counter type="METHOD" missed="0" covered="1"/></method><method name="decodeAutoHeader" desc="(Ljava/lang/String;ILjava/lang/String;)Lcom/mapcode/MapcodeZone;" line="548"><counter type="INSTRUCTION" missed="33" covered="230"/><counter type="BRANCH" missed="7" covered="13"/><counter type="LINE" missed="4" covered="35"/><counter type="COMPLEXITY" missed="7" covered="4"/><counter type="METHOD" missed="0" covered="1"/></method><method name="aeuUnpack" desc="(Ljava/lang/String;)Ljava/lang/String;" line="615"><counter type="INSTRUCTION" missed="24" covered="209"/><counter type="BRANCH" missed="11" covered="33"/><counter type="LINE" missed="11" covered="43"/><counter type="COMPLEXITY" missed="11" covered="12"/><counter type="METHOD" missed="0" covered="1"/></method><method name="decodeUTF16" desc="(Ljava/lang/String;)Ljava/lang/String;" line="702"><counter type="INSTRUCTION" missed="17" covered="109"/><counter type="BRANCH" missed="4" covered="18"/><counter type="LINE" missed="3" covered="22"/><counter type="COMPLEXITY" missed="4" covered="8"/><counter type="METHOD" missed="0" covered="1"/></method><method name="encodeUTF16" desc="(Ljava/lang/String;I)Ljava/lang/String;" line="749"><counter type="INSTRUCTION" missed="21" covered="97"/><counter type="BRANCH" missed="2" covered="20"/><counter type="LINE" missed="2" covered="20"/><counter type="COMPLEXITY" missed="2" covered="10"/><counter type="METHOD" missed="0" covered="1"/></method><method name="decodeTriple" desc="(Ljava/lang/String;)Lcom/mapcode/Point;" line="788"><counter type="INSTRUCTION" missed="0" covered="50"/><counter type="BRANCH" missed="0" covered="2"/><counter type="LINE" missed="0" covered="5"/><counter type="COMPLEXITY" missed="0" covered="2"/><counter type="METHOD" missed="0" covered="1"/></method><method name="decodeSixWide" desc="(III)Lcom/mapcode/Point;" line="802"><counter type="INSTRUCTION" missed="0" covered="50"/><counter type="BRANCH" missed="0" covered="2"/><counter type="LINE" missed="0" covered="8"/><counter type="COMPLEXITY" missed="0" covered="2"/><counter type="METHOD" missed="0" covered="1"/></method><method name="decodeBase31" desc="(Ljava/lang/String;)I" line="818"><counter type="INSTRUCTION" missed="2" covered="38"/><counter type="BRANCH" missed="1" covered="5"/><counter type="LINE" missed="1" covered="7"/><counter type="COMPLEXITY" missed="1" covered="3"/><counter type="METHOD" missed="0" covered="1"/></method><method name="decodeExtension" desc="(IIIILjava/lang/String;III)Lcom/mapcode/MapcodeZone;" line="841"><counter type="INSTRUCTION" missed="22" covered="221"/><counter type="BRANCH" missed="5" covered="21"/><counter type="LINE" missed="4" covered="48"/><counter type="COMPLEXITY" missed="5" covered="9"/><counter type="METHOD" missed="0" covered="1"/></method><method name="isAbjadScript" desc="(Ljava/lang/String;)Z" line="917"><counter type="INSTRUCTION" missed="3" covered="56"/><counter type="BRANCH" missed="3" covered="19"/><counter type="LINE" missed="0" covered="11"/><counter type="COMPLEXITY" missed="2" covered="10"/><counter type="METHOD" missed="0" covered="1"/></method><method name="convertFromAbjad" desc="(Ljava/lang/String;)Ljava/lang/String;" line="938"><counter type="INSTRUCTION" missed="0" covered="589"/><counter type="BRANCH" missed="17" covered="45"/><counter type="LINE" missed="0" covered="59"/><counter type="COMPLEXITY" missed="17" covered="15"/><counter type="METHOD" missed="0" covered="1"/></method><method name="convertToAbjad" desc="(Ljava/lang/String;)Ljava/lang/String;" line="1022"><counter type="INSTRUCTION" missed="6" covered="564"/><counter type="BRANCH" missed="7" covered="63"/><counter type="LINE" missed="3" covered="65"/><counter type="COMPLEXITY" missed="7" covered="29"/><counter type="METHOD" missed="0" covered="1"/></method><method name="&lt;clinit&gt;" desc="()V" line="33"><counter type="INSTRUCTION" missed="2" covered="5585"/><counter type="BRANCH" missed="1" covered="1"/><counter type="LINE" missed="0" covered="6"/><counter type="COMPLEXITY" missed="1" covered="1"/><counter type="METHOD" missed="0" covered="1"/></method><counter type="INSTRUCTION" missed="230" covered="8801"/><counter type="BRANCH" missed="77" covered="403"/><counter type="LINE" missed="37" covered="517"/><counter type="COMPLEXITY" missed="76" covered="179"/><counter type="METHOD" missed="0" covered="15"/><counter type="CLASS" missed="0" covered="1"/></class><class name="com/mapcode/CheckArgs"><method name="checkNonnull" desc="(Ljava/lang/String;Ljava/lang/Object;)V" line="39"><counter type="INSTRUCTION" missed="0" covered="17"/><counter type="BRANCH" missed="0" covered="2"/><counter type="LINE" missed="0" covered="3"/><counter type="COMPLEXITY" missed="0" covered="2"/><counter type="METHOD" missed="0" covered="1"/></method><method name="checkDefined" desc="(Ljava/lang/String;Lcom/mapcode/Point;)V" line="46"><counter type="INSTRUCTION" missed="0" covered="21"/><counter type="BRANCH" missed="0" covered="2"/><counter type="LINE" missed="0" covered="4"/><counter type="COMPLEXITY" missed="0" covered="2"/><counter type="METHOD" missed="0" covered="1"/></method><method name="checkMapcodeCode" desc="(Ljava/lang/String;Ljava/lang/String;)V" line="54"><counter type="INSTRUCTION" missed="0" covered="7"/><counter type="LINE" missed="0" covered="3"/><counter type="COMPLEXITY" missed="0" covered="1"/><counter type="METHOD" missed="0" covered="1"/></method><counter type="INSTRUCTION" missed="0" covered="45"/><counter type="BRANCH" missed="0" covered="4"/><counter type="LINE" missed="0" covered="10"/><counter type="COMPLEXITY" missed="0" covered="5"/><counter type="METHOD" missed="0" covered="3"/><counter type="CLASS" missed="0" covered="1"/></class><class name="com/mapcode/Alphabet"><method name="&lt;init&gt;" desc="(Ljava/lang/String;II)V" line="74"><counter type="INSTRUCTION" missed="0" covered="8"/><counter type="LINE" missed="0" covered="3"/><counter type="COMPLEXITY" missed="0" covered="1"/><counter type="METHOD" missed="0" covered="1"/></method><method name="getNumber" desc="()I" line="84"><counter type="INSTRUCTION" missed="0" covered="3"/><counter type="LINE" missed="0" covered="1"/><counter type="COMPLEXITY" missed="0" covered="1"/><counter type="METHOD" missed="0" covered="1"/></method><method name="fromString" desc="(Ljava/lang/String;)Lcom/mapcode/Alphabet;" line="96"><counter type="INSTRUCTION" missed="0" covered="16"/><counter type="LINE" missed="0" covered="5"/><counter type="COMPLEXITY" missed="0" covered="1"/><counter type="METHOD" missed="0" covered="1"/></method><method name="&lt;clinit&gt;" desc="()V" line="34"><counter type="INSTRUCTION" missed="0" covered="312"/><counter type="LINE" missed="0" covered="29"/><counter type="COMPLEXITY" missed="0" covered="1"/><counter type="METHOD" missed="0" covered="1"/></method><counter type="INSTRUCTION" missed="0" covered="339"/><counter type="LINE" missed="0" covered="38"/><counter type="COMPLEXITY" missed="0" covered="4"/><counter type="METHOD" missed="0" covered="4"/><counter type="CLASS" missed="0" covered="1"/></class><class name="com/mapcode/Territory$AlphaCodeFormat"><method name="&lt;clinit&gt;" desc="()V" line="798"><counter type="INSTRUCTION" missed="0" covered="34"/><counter type="LINE" missed="0" covered="4"/><counter type="COMPLEXITY" missed="0" covered="1"/><counter type="METHOD" missed="0" covered="1"/></method><counter type="INSTRUCTION" missed="0" covered="34"/><counter type="LINE" missed="0" covered="4"/><counter type="COMPLEXITY" missed="0" covered="1"/><counter type="METHOD" missed="0" covered="1"/><counter type="CLASS" missed="0" covered="1"/></class><class name="com/mapcode/UnknownTerritoryException"><method name="&lt;init&gt;" desc="(Ljava/lang/String;)V" line="32"><counter type="INSTRUCTION" missed="4" covered="11"/><counter type="BRANCH" missed="2" covered="2"/><counter type="LINE" missed="0" covered="4"/><counter type="COMPLEXITY" missed="2" covered="1"/><counter type="METHOD" missed="0" covered="1"/></method><method name="&lt;init&gt;" desc="(I)V" line="38"><counter type="INSTRUCTION" missed="0" covered="7"/><counter type="LINE" missed="0" covered="3"/><counter type="COMPLEXITY" missed="0" covered="1"/><counter type="METHOD" missed="0" covered="1"/></method><method name="getCode" desc="()Ljava/lang/Integer;" line="44"><counter type="INSTRUCTION" missed="3" covered="0"/><counter type="LINE" missed="1" covered="0"/><counter type="COMPLEXITY" missed="1" covered="0"/><counter type="METHOD" missed="1" covered="0"/></method><method name="&lt;clinit&gt;" desc="()V" line="26"><counter type="INSTRUCTION" missed="2" covered="6"/><counter type="BRANCH" missed="1" covered="1"/><counter type="LINE" missed="0" covered="1"/><counter type="COMPLEXITY" missed="1" covered="1"/><counter type="METHOD" missed="0" covered="1"/></method><counter type="INSTRUCTION" missed="9" covered="24"/><counter type="BRANCH" missed="3" covered="3"/><counter type="LINE" missed="1" covered="8"/><counter type="COMPLEXITY" missed="4" covered="3"/><counter type="METHOD" missed="1" covered="3"/><counter type="CLASS" missed="0" covered="1"/></class><class name="com/mapcode/UnknownPrecisionFormatException"><method name="&lt;init&gt;" desc="(Ljava/lang/String;)V" line="29"><counter type="INSTRUCTION" missed="4" covered="8"/><counter type="BRANCH" missed="2" covered="2"/><counter type="LINE" missed="0" covered="3"/><counter type="COMPLEXITY" missed="2" covered="1"/><counter type="METHOD" missed="0" covered="1"/></method><method name="&lt;clinit&gt;" desc="()V" line="25"><counter type="INSTRUCTION" missed="2" covered="6"/><counter type="BRANCH" missed="1" covered="1"/><counter type="LINE" missed="0" covered="1"/><counter type="COMPLEXITY" missed="1" covered="1"/><counter type="METHOD" missed="0" covered="1"/></method><counter type="INSTRUCTION" missed="6" covered="14"/><counter type="BRANCH" missed="3" covered="3"/><counter type="LINE" missed="0" covered="4"/><counter type="COMPLEXITY" missed="3" covered="2"/><counter type="METHOD" missed="0" covered="2"/><counter type="CLASS" missed="0" covered="1"/></class><class name="com/mapcode/Rectangle"><method name="&lt;init&gt;" desc="(Lcom/mapcode/Point;Lcom/mapcode/Point;)V" line="31"><counter type="INSTRUCTION" missed="0" covered="9"/><counter type="LINE" missed="0" covered="4"/><counter type="COMPLEXITY" missed="0" covered="1"/><counter type="METHOD" missed="0" covered="1"/></method><method name="getSouthWest" desc="()Lcom/mapcode/Point;" line="38"><counter type="INSTRUCTION" missed="0" covered="3"/><counter type="LINE" missed="0" covered="1"/><counter type="COMPLEXITY" missed="0" covered="1"/><counter type="METHOD" missed="0" covered="1"/></method><method name="getNorthEast" desc="()Lcom/mapcode/Point;" line="43"><counter type="INSTRUCTION" missed="0" covered="3"/><counter type="LINE" missed="0" covered="1"/><counter type="COMPLEXITY" missed="0" covered="1"/><counter type="METHOD" missed="0" covered="1"/></method><method name="getCenter" desc="()Lcom/mapcode/Point;" line="48"><counter type="INSTRUCTION" missed="2" covered="27"/><counter type="BRANCH" missed="1" covered="1"/><counter type="LINE" missed="1" covered="4"/><counter type="COMPLEXITY" missed="1" covered="1"/><counter type="METHOD" missed="0" covered="1"/></method><method name="isDefined" desc="()Z" line="57"><counter type="INSTRUCTION" missed="1" covered="11"/><counter type="BRANCH" missed="2" covered="2"/><counter type="LINE" missed="0" covered="1"/><counter type="COMPLEXITY" missed="2" covered="1"/><counter type="METHOD" missed="0" covered="1"/></method><method name="toString" desc="()Ljava/lang/String;" line="63"><counter type="INSTRUCTION" missed="0" covered="17"/><counter type="LINE" missed="0" covered="1"/><counter type="COMPLEXITY" missed="0" covered="1"/><counter type="METHOD" missed="0" covered="1"/></method><method name="hashCode" desc="()I" line="68"><counter type="INSTRUCTION" missed="14" covered="0"/><counter type="LINE" missed="1" covered="0"/><counter type="COMPLEXITY" missed="1" covered="0"/><counter type="METHOD" missed="1" covered="0"/></method><method name="equals" desc="(Ljava/lang/Object;)Z" line="73"><counter type="INSTRUCTION" missed="29" covered="0"/><counter type="BRANCH" missed="8" covered="0"/><counter type="LINE" missed="7" covered="0"/><counter type="COMPLEXITY" missed="5" covered="0"/><counter type="METHOD" missed="1" covered="0"/></method><counter type="INSTRUCTION" missed="46" covered="70"/><counter type="BRANCH" missed="11" covered="3"/><counter type="LINE" missed="9" covered="12"/><counter type="COMPLEXITY" missed="9" covered="6"/><counter type="METHOD" missed="2" covered="6"/><counter type="CLASS" missed="0" covered="1"/></class><class name="com/mapcode/Data"><method name="isNameless" desc="(I)Z" line="54"><counter type="INSTRUCTION" missed="4" covered="19"/><counter type="BRANCH" missed="3" covered="5"/><counter type="LINE" missed="0" covered="2"/><counter type="COMPLEXITY" missed="3" covered="2"/><counter type="METHOD" missed="0" covered="1"/></method><method name="isSpecialShape" desc="(I)Z" line="60"><counter type="INSTRUCTION" missed="4" covered="19"/><counter type="BRANCH" missed="3" covered="5"/><counter type="LINE" missed="0" covered="2"/><counter type="COMPLEXITY" missed="3" covered="2"/><counter type="METHOD" missed="0" covered="1"/></method><method name="getTerritoryRecordType" desc="(I)I" line="68"><counter type="INSTRUCTION" missed="4" covered="17"/><counter type="BRANCH" missed="3" covered="3"/><counter type="LINE" missed="0" covered="2"/><counter type="COMPLEXITY" missed="3" covered="1"/><counter type="METHOD" missed="0" covered="1"/></method><method name="isRestricted" desc="(I)Z" line="74"><counter type="INSTRUCTION" missed="4" covered="19"/><counter type="BRANCH" missed="3" covered="5"/><counter type="LINE" missed="0" covered="2"/><counter type="COMPLEXITY" missed="3" covered="2"/><counter type="METHOD" missed="0" covered="1"/></method><method name="getCodex" desc="(I)I" line="79"><counter type="INSTRUCTION" missed="4" covered="27"/><counter type="BRANCH" missed="3" covered="3"/><counter type="LINE" missed="0" covered="3"/><counter type="COMPLEXITY" missed="3" covered="1"/><counter type="METHOD" missed="0" covered="1"/></method><method name="headerLetter" desc="(I)Ljava/lang/String;" line="87"><counter type="INSTRUCTION" missed="0" covered="22"/><counter type="BRANCH" missed="0" covered="2"/><counter type="LINE" missed="0" covered="4"/><counter type="COMPLEXITY" missed="0" covered="2"/><counter type="METHOD" missed="0" covered="1"/></method><method name="&lt;clinit&gt;" desc="()V" line="28"><counter type="INSTRUCTION" missed="2" covered="147"/><counter type="BRANCH" missed="1" covered="1"/><counter type="LINE" missed="0" covered="3"/><counter type="COMPLEXITY" missed="1" covered="1"/><counter type="METHOD" missed="0" covered="1"/></method><counter type="INSTRUCTION" missed="22" covered="270"/><counter type="BRANCH" missed="16" covered="24"/><counter type="LINE" missed="0" covered="18"/><counter type="COMPLEXITY" missed="16" covered="11"/><counter type="METHOD" missed="0" covered="7"/><counter type="CLASS" missed="0" covered="1"/></class><class name="com/mapcode/UnknownAlphabetException"><method name="&lt;init&gt;" desc="(Ljava/lang/String;)V" line="29"><counter type="INSTRUCTION" missed="4" covered="8"/><counter type="BRANCH" missed="2" covered="2"/><counter type="LINE" missed="0" covered="3"/><counter type="COMPLEXITY" missed="2" covered="1"/><counter type="METHOD" missed="0" covered="1"/></method><method name="&lt;clinit&gt;" desc="()V" line="25"><counter type="INSTRUCTION" missed="2" covered="6"/><counter type="BRANCH" missed="1" covered="1"/><counter type="LINE" missed="0" covered="1"/><counter type="COMPLEXITY" missed="1" covered="1"/><counter type="METHOD" missed="0" covered="1"/></method><counter type="INSTRUCTION" missed="6" covered="14"/><counter type="BRANCH" missed="3" covered="3"/><counter type="LINE" missed="0" covered="4"/><counter type="COMPLEXITY" missed="3" covered="2"/><counter type="METHOD" missed="0" covered="2"/><counter type="CLASS" missed="0" covered="1"/></class><class name="com/mapcode/Decoder$Unicode2Ascii"><method name="&lt;init&gt;" desc="(CCLjava/lang/String;)V" line="234"><counter type="INSTRUCTION" missed="0" covered="12"/><counter type="LINE" missed="0" covered="5"/><counter type="COMPLEXITY" missed="0" covered="1"/><counter type="METHOD" missed="0" covered="1"/></method><counter type="INSTRUCTION" missed="0" covered="12"/><counter type="LINE" missed="0" covered="5"/><counter type="COMPLEXITY" missed="0" covered="1"/><counter type="METHOD" missed="0" covered="1"/><counter type="CLASS" missed="0" covered="1"/></class><class name="com/mapcode/UnknownMapcodeException"><method name="&lt;init&gt;" desc="(Ljava/lang/String;)V" line="32"><counter type="INSTRUCTION" missed="4" covered="8"/><counter type="BRANCH" missed="2" covered="2"/><counter type="LINE" missed="0" covered="3"/><counter type="COMPLEXITY" missed="2" covered="1"/><counter type="METHOD" missed="0" covered="1"/></method><method name="&lt;clinit&gt;" desc="()V" line="27"><counter type="INSTRUCTION" missed="2" covered="6"/><counter type="BRANCH" missed="1" covered="1"/><counter type="LINE" missed="0" covered="1"/><counter type="COMPLEXITY" missed="1" covered="1"/><counter type="METHOD" missed="0" covered="1"/></method><counter type="INSTRUCTION" missed="6" covered="14"/><counter type="BRANCH" missed="3" covered="3"/><counter type="LINE" missed="0" covered="4"/><counter type="COMPLEXITY" missed="3" covered="2"/><counter type="METHOD" missed="0" covered="2"/><counter type="CLASS" missed="0" covered="1"/></class><class name="com/mapcode/Point"><method name="fromDeg" desc="(DD)Lcom/mapcode/Point;" line="71"><counter type="INSTRUCTION" missed="0" covered="6"/><counter type="LINE" missed="0" covered="1"/><counter type="COMPLEXITY" missed="0" covered="1"/><counter type="METHOD" missed="0" covered="1"/></method><method name="fromMicroDeg" desc="(II)Lcom/mapcode/Point;" line="83"><counter type="INSTRUCTION" missed="0" covered="22"/><counter type="LINE" missed="0" covered="7"/><counter type="COMPLEXITY" missed="0" covered="1"/><counter type="METHOD" missed="0" covered="1"/></method><method name="getLatDeg" desc="()D" line="98"><counter type="INSTRUCTION" missed="4" covered="17"/><counter type="BRANCH" missed="2" covered="2"/><counter type="LINE" missed="0" covered="2"/><counter type="COMPLEXITY" missed="2" covered="1"/><counter type="METHOD" missed="0" covered="1"/></method><method name="getLonDeg" desc="()D" line="108"><counter type="INSTRUCTION" missed="4" covered="17"/><counter type="BRANCH" missed="2" covered="2"/><counter type="LINE" missed="0" covered="2"/><counter type="COMPLEXITY" missed="2" covered="1"/><counter type="METHOD" missed="0" covered="1"/></method><method name="getLatMicroDeg" desc="()I" line="118"><counter type="INSTRUCTION" missed="4" covered="8"/><counter type="BRANCH" missed="2" covered="2"/><counter type="LINE" missed="0" covered="2"/><counter type="COMPLEXITY" missed="2" covered="1"/><counter type="METHOD" missed="0" covered="1"/></method><method name="getLonMicroDeg" desc="()I" line="128"><counter type="INSTRUCTION" missed="4" covered="8"/><counter type="BRANCH" missed="2" covered="2"/><counter type="LINE" missed="0" covered="2"/><counter type="COMPLEXITY" missed="2" covered="1"/><counter type="METHOD" missed="0" covered="1"/></method><method name="fromUniformlyDistributedRandomPoints" desc="(Ljava/util/Random;)Lcom/mapcode/Point;" line="140"><counter type="INSTRUCTION" missed="8" covered="64"/><counter type="BRANCH" missed="4" covered="4"/><counter type="LINE" missed="0" covered="15"/><counter type="COMPLEXITY" missed="4" covered="1"/><counter type="METHOD" missed="0" covered="1"/></method><method name="distanceInMeters" desc="(Lcom/mapcode/Point;Lcom/mapcode/Point;)D" line="174"><counter type="INSTRUCTION" missed="0" covered="69"/><counter type="BRANCH" missed="0" covered="4"/><counter type="LINE" missed="0" covered="14"/><counter type="COMPLEXITY" missed="0" covered="3"/><counter type="METHOD" missed="0" covered="1"/></method><method name="degreesLatToMeters" desc="(D)D" line="204"><counter type="INSTRUCTION" missed="0" covered="4"/><counter type="LINE" missed="0" covered="1"/><counter type="COMPLEXITY" missed="0" covered="1"/><counter type="METHOD" missed="0" covered="1"/></method><method name="degreesLonToMetersAtLat" desc="(DD)D" line="208"><counter type="INSTRUCTION" missed="0" covered="8"/><counter type="LINE" missed="0" covered="1"/><counter type="COMPLEXITY" missed="0" covered="1"/><counter type="METHOD" missed="0" covered="1"/></method><method name="metersToDegreesLonAtLat" desc="(DD)D" line="212"><counter type="INSTRUCTION" missed="0" covered="8"/><counter type="LINE" missed="0" covered="1"/><counter type="COMPLEXITY" missed="0" covered="1"/><counter type="METHOD" missed="0" covered="1"/></method><method name="toString" desc="()Ljava/lang/String;" line="218"><counter type="INSTRUCTION" missed="1" covered="21"/><counter type="BRANCH" missed="1" covered="1"/><counter type="LINE" missed="0" covered="1"/><counter type="COMPLEXITY" missed="1" covered="1"/><counter type="METHOD" missed="0" covered="1"/></method><method name="hashCode" desc="()I" line="224"><counter type="INSTRUCTION" missed="34" covered="0"/><counter type="LINE" missed="1" covered="0"/><counter type="COMPLEXITY" missed="1" covered="0"/><counter type="METHOD" missed="1" covered="0"/></method><method name="equals" desc="(Ljava/lang/Object;)Z" line="230"><counter type="INSTRUCTION" missed="5" covered="37"/><counter type="BRANCH" missed="7" covered="7"/><counter type="LINE" missed="2" covered="4"/><counter type="COMPLEXITY" missed="7" covered="1"/><counter type="METHOD" missed="0" covered="1"/></method><method name="&lt;init&gt;" desc="()V" line="271"><counter type="INSTRUCTION" missed="0" covered="6"/><counter type="LINE" missed="0" covered="3"/><counter type="COMPLEXITY" missed="0" covered="1"/><counter type="METHOD" missed="0" covered="1"/></method><method name="&lt;init&gt;" desc="(DD)V" line="279"><counter type="INSTRUCTION" missed="0" covered="114"/><counter type="BRANCH" missed="0" covered="8"/><counter type="LINE" missed="0" covered="25"/><counter type="COMPLEXITY" missed="0" covered="5"/><counter type="METHOD" missed="0" covered="1"/></method><method name="getLonFraction" desc="()I" line="325"><counter type="INSTRUCTION" missed="4" covered="8"/><counter type="BRANCH" missed="2" covered="2"/><counter type="LINE" missed="0" covered="2"/><counter type="COMPLEXITY" missed="2" covered="1"/><counter type="METHOD" missed="0" covered="1"/></method><method name="getLatFraction" desc="()I" line="334"><counter type="INSTRUCTION" missed="4" covered="8"/><counter type="BRANCH" missed="2" covered="2"/><counter type="LINE" missed="0" covered="2"/><counter type="COMPLEXITY" missed="2" covered="1"/><counter type="METHOD" missed="0" covered="1"/></method><method name="fromLatLonFractions" desc="(DD)Lcom/mapcode/Point;" line="344"><counter type="INSTRUCTION" missed="0" covered="44"/><counter type="LINE" missed="0" covered="7"/><counter type="COMPLEXITY" missed="0" covered="1"/><counter type="METHOD" missed="0" covered="1"/></method><method name="degToMicroDeg" desc="(D)I" line="355"><counter type="INSTRUCTION" missed="6" covered="0"/><counter type="LINE" missed="1" covered="0"/><counter type="COMPLEXITY" missed="1" covered="0"/><counter type="METHOD" missed="1" covered="0"/></method><method name="microDegToDeg" desc="(I)D" line="359"><counter type="INSTRUCTION" missed="5" covered="0"/><counter type="LINE" missed="1" covered="0"/><counter type="COMPLEXITY" missed="1" covered="0"/><counter type="METHOD" missed="1" covered="0"/></method><method name="wrap" desc="()Lcom/mapcode/Point;" line="364"><counter type="INSTRUCTION" missed="12" covered="40"/><counter type="BRANCH" missed="3" covered="7"/><counter type="LINE" missed="4" covered="9"/><counter type="COMPLEXITY" missed="3" covered="3"/><counter type="METHOD" missed="0" covered="1"/></method><method name="undefined" desc="()Lcom/mapcode/Point;" line="393"><counter type="INSTRUCTION" missed="0" covered="4"/><counter type="LINE" missed="0" covered="1"/><counter type="COMPLEXITY" missed="0" covered="1"/><counter type="METHOD" missed="0" covered="1"/></method><method name="setUndefined" desc="()V" line="401"><counter type="INSTRUCTION" missed="0" covered="4"/><counter type="LINE" missed="0" covered="2"/><counter type="COMPLEXITY" missed="0" covered="1"/><counter type="METHOD" missed="0" covered="1"/></method><method name="isDefined" desc="()Z" line="411"><counter type="INSTRUCTION" missed="0" covered="3"/><counter type="LINE" missed="0" covered="1"/><counter type="COMPLEXITY" missed="0" covered="1"/><counter type="METHOD" missed="0" covered="1"/></method><method name="&lt;clinit&gt;" desc="()V" line="35"><counter type="INSTRUCTION" missed="2" covered="6"/><counter type="BRANCH" missed="1" covered="1"/><counter type="LINE" missed="0" covered="1"/><counter type="COMPLEXITY" missed="1" covered="1"/><counter type="METHOD" missed="0" covered="1"/></method><counter type="INSTRUCTION" missed="97" covered="526"/><counter type="BRANCH" missed="28" covered="44"/><counter type="LINE" missed="9" covered="106"/><counter type="COMPLEXITY" missed="31" covered="31"/><counter type="METHOD" missed="3" covered="23"/><counter type="CLASS" missed="0" covered="1"/></class><class name="com/mapcode/MapcodeZone"><method name="&lt;init&gt;" desc="(DDDD)V" line="40"><counter type="INSTRUCTION" missed="0" covered="15"/><counter type="LINE" missed="0" covered="6"/><counter type="COMPLEXITY" missed="0" covered="1"/><counter type="METHOD" missed="0" covered="1"/></method><method name="&lt;init&gt;" desc="(Lcom/mapcode/MapcodeZone;)V" line="48"><counter type="INSTRUCTION" missed="0" covered="11"/><counter type="LINE" missed="0" covered="2"/><counter type="COMPLEXITY" missed="0" covered="1"/><counter type="METHOD" missed="0" covered="1"/></method><method name="&lt;init&gt;" desc="()V" line="52"><counter type="INSTRUCTION" missed="0" covered="7"/><counter type="LINE" missed="0" covered="2"/><counter type="COMPLEXITY" missed="0" covered="1"/><counter type="METHOD" missed="0" covered="1"/></method><method name="getLonFractionMin" desc="()D" line="56"><counter type="INSTRUCTION" missed="0" covered="3"/><counter type="LINE" missed="0" covered="1"/><counter type="COMPLEXITY" missed="0" covered="1"/><counter type="METHOD" missed="0" covered="1"/></method><method name="getLonFractionMax" desc="()D" line="60"><counter type="INSTRUCTION" missed="0" covered="3"/><counter type="LINE" missed="0" covered="1"/><counter type="COMPLEXITY" missed="0" covered="1"/><counter type="METHOD" missed="0" covered="1"/></method><method name="getLatFractionMin" desc="()D" line="64"><counter type="INSTRUCTION" missed="0" covered="3"/><counter type="LINE" missed="0" covered="1"/><counter type="COMPLEXITY" missed="0" covered="1"/><counter type="METHOD" missed="0" covered="1"/></method><method name="getLatFractionMax" desc="()D" line="68"><counter type="INSTRUCTION" missed="0" covered="3"/><counter type="LINE" missed="0" covered="1"/><counter type="COMPLEXITY" missed="0" covered="1"/><counter type="METHOD" missed="0" covered="1"/></method><method name="setLonFractionMin" desc="(D)V" line="72"><counter type="INSTRUCTION" missed="4" covered="0"/><counter type="LINE" missed="2" covered="0"/><counter type="COMPLEXITY" missed="1" covered="0"/><counter type="METHOD" missed="1" covered="0"/></method><method name="setLonFractionMax" desc="(D)V" line="76"><counter type="INSTRUCTION" missed="0" covered="4"/><counter type="LINE" missed="0" covered="2"/><counter type="COMPLEXITY" missed="0" covered="1"/><counter type="METHOD" missed="0" covered="1"/></method><method name="setLatFractionMin" desc="(D)V" line="80"><counter type="INSTRUCTION" missed="0" covered="4"/><counter type="LINE" missed="0" covered="2"/><counter type="COMPLEXITY" missed="0" covered="1"/><counter type="METHOD" missed="0" covered="1"/></method><method name="setLatFractionMax" desc="(D)V" line="84"><counter type="INSTRUCTION" missed="0" covered="4"/><counter type="LINE" missed="0" covered="2"/><counter type="COMPLEXITY" missed="0" covered="1"/><counter type="METHOD" missed="0" covered="1"/></method><method name="setFromFractions" desc="(DDDD)V" line="91"><counter type="INSTRUCTION" missed="8" covered="46"/><counter type="BRANCH" missed="4" covered="6"/><counter type="LINE" missed="0" covered="10"/><counter type="COMPLEXITY" missed="4" covered="2"/><counter type="METHOD" missed="0" covered="1"/></method><method name="isEmpty" desc="()Z" line="105"><counter type="INSTRUCTION" missed="0" covered="16"/><counter type="BRANCH" missed="0" covered="4"/><counter type="LINE" missed="0" covered="1"/><counter type="COMPLEXITY" missed="0" covered="3"/><counter type="METHOD" missed="0" covered="1"/></method><method name="getCenter" desc="()Lcom/mapcode/Point;" line="111"><counter type="INSTRUCTION" missed="2" covered="25"/><counter type="BRANCH" missed="1" covered="1"/><counter type="LINE" missed="1" covered="4"/><counter type="COMPLEXITY" missed="1" covered="1"/><counter type="METHOD" missed="0" covered="1"/></method><method name="restrictZoneTo" desc="(Lcom/mapcode/Boundary;)Lcom/mapcode/MapcodeZone;" line="125"><counter type="INSTRUCTION" missed="0" covered="111"/><counter type="BRANCH" missed="0" covered="18"/><counter type="LINE" missed="0" covered="21"/><counter type="COMPLEXITY" missed="0" covered="10"/><counter type="METHOD" missed="0" covered="1"/></method><method name="toString" desc="()Ljava/lang/String;" line="157"><counter type="INSTRUCTION" missed="40" covered="0"/><counter type="BRANCH" missed="2" covered="0"/><counter type="LINE" missed="1" covered="0"/><counter type="COMPLEXITY" missed="2" covered="0"/><counter type="METHOD" missed="1" covered="0"/></method><method name="&lt;clinit&gt;" desc="()V" line="28"><counter type="INSTRUCTION" missed="2" covered="6"/><counter type="BRANCH" missed="1" covered="1"/><counter type="LINE" missed="0" covered="1"/><counter type="COMPLEXITY" missed="1" covered="1"/><counter type="METHOD" missed="0" covered="1"/></method><counter type="INSTRUCTION" missed="56" covered="261"/><counter type="BRANCH" missed="8" covered="30"/><counter type="LINE" missed="4" covered="57"/><counter type="COMPLEXITY" missed="9" covered="27"/><counter type="METHOD" missed="2" covered="15"/><counter type="CLASS" missed="0" covered="1"/></class><class name="com/mapcode/Common"><method name="xDivider" desc="(II)I" line="95"><counter type="INSTRUCTION" missed="16" covered="48"/><counter type="BRANCH" missed="11" covered="15"/><counter type="LINE" missed="0" covered="9"/><counter type="COMPLEXITY" missed="11" covered="3"/><counter type="METHOD" missed="0" covered="1"/></method><method name="countCityCoordinatesForCountry" desc="(III)I" line="110"><counter type="INSTRUCTION" missed="16" covered="34"/><counter type="BRANCH" missed="8" covered="10"/><counter type="LINE" missed="0" covered="9"/><counter type="COMPLEXITY" missed="8" covered="2"/><counter type="METHOD" missed="0" covered="1"/></method><method name="getFirstNamelessRecord" desc="(III)I" line="123"><counter type="INSTRUCTION" missed="16" covered="34"/><counter type="BRANCH" missed="8" covered="14"/><counter type="LINE" missed="0" covered="9"/><counter type="COMPLEXITY" missed="8" covered="4"/><counter type="METHOD" missed="0" covered="1"/></method><method name="&lt;clinit&gt;" desc="()V" line="29"><counter type="INSTRUCTION" missed="9" covered="831"/><counter type="BRANCH" missed="4" covered="4"/><counter type="LINE" missed="1" covered="11"/><counter type="COMPLEXITY" missed="4" covered="1"/><counter type="METHOD" missed="0" covered="1"/></method><counter type="INSTRUCTION" missed="57" covered="947"/><counter type="BRANCH" missed="31" covered="43"/><counter type="LINE" missed="1" covered="38"/><counter type="COMPLEXITY" missed="31" covered="10"/><counter type="METHOD" missed="0" covered="4"/><counter type="CLASS" missed="0" covered="1"/></class><class name="com/mapcode/DataModel"><method name="readIntLoHi" desc="(II)I" line="71"><counter type="INSTRUCTION" missed="0" covered="10"/><counter type="LINE" missed="0" covered="1"/><counter type="COMPLEXITY" missed="0" covered="1"/><counter type="METHOD" missed="0" covered="1"/></method><method name="readLongLoHi" desc="(IIII)I" line="75"><counter type="INSTRUCTION" missed="0" covered="22"/><counter type="LINE" missed="0" covered="1"/><counter type="COMPLEXITY" missed="0" covered="1"/><counter type="METHOD" missed="0" covered="1"/></method><method name="getInstance" desc="()Lcom/mapcode/DataModel;" line="90"><counter type="INSTRUCTION" missed="0" covered="18"/><counter type="BRANCH" missed="1" covered="3"/><counter type="LINE" missed="0" covered="6"/><counter type="COMPLEXITY" missed="1" covered="2"/><counter type="METHOD" missed="0" covered="1"/></method><method name="&lt;init&gt;" desc="(Ljava/lang/String;)V" line="101"><counter type="INSTRUCTION" missed="46" covered="286"/><counter type="BRANCH" missed="6" covered="20"/><counter type="LINE" missed="4" covered="44"/><counter type="COMPLEXITY" missed="6" covered="8"/><counter type="METHOD" missed="0" covered="1"/></method><method name="getNrTerritories" desc="()I" line="193"><counter type="INSTRUCTION" missed="3" covered="0"/><counter type="LINE" missed="1" covered="0"/><counter type="COMPLEXITY" missed="1" covered="0"/><counter type="METHOD" missed="1" covered="0"/></method><method name="getNrTerritoryRecords" desc="()I" line="203"><counter type="INSTRUCTION" missed="0" covered="3"/><counter type="LINE" missed="0" covered="1"/><counter type="COMPLEXITY" missed="0" covered="1"/><counter type="METHOD" missed="0" covered="1"/></method><method name="getLonMicroDegMin" desc="(I)I" line="209"><counter type="INSTRUCTION" missed="0" covered="9"/><counter type="LINE" missed="0" covered="1"/><counter type="COMPLEXITY" missed="0" covered="1"/><counter type="METHOD" missed="0" covered="1"/></method><method name="getLatMicroDegMin" desc="(I)I" line="213"><counter type="INSTRUCTION" missed="0" covered="9"/><counter type="LINE" missed="0" covered="1"/><counter type="COMPLEXITY" missed="0" covered="1"/><counter type="METHOD" missed="0" covered="1"/></method><method name="getLonMicroDegMax" desc="(I)I" line="217"><counter type="INSTRUCTION" missed="0" covered="9"/><counter type="LINE" missed="0" covered="1"/><counter type="COMPLEXITY" missed="0" covered="1"/><counter type="METHOD" missed="0" covered="1"/></method><method name="getLatMicroDegMax" desc="(I)I" line="221"><counter type="INSTRUCTION" missed="0" covered="9"/><counter type="LINE" missed="0" covered="1"/><counter type="COMPLEXITY" missed="0" covered="1"/><counter type="METHOD" missed="0" covered="1"/></method><method name="getDataFlags" desc="(I)I" line="225"><counter type="INSTRUCTION" missed="0" covered="11"/><counter type="LINE" missed="0" covered="1"/><counter type="COMPLEXITY" missed="0" covered="1"/><counter type="METHOD" missed="0" covered="1"/></method><method name="getSmartDiv" desc="(I)I" line="230"><counter type="INSTRUCTION" missed="0" covered="11"/><counter type="LINE" missed="0" covered="1"/><counter type="COMPLEXITY" missed="0" covered="1"/><counter type="METHOD" missed="0" covered="1"/></method><method name="getDataFirstRecord" desc="(I)I" line="237"><counter type="INSTRUCTION" missed="4" covered="16"/><counter type="BRANCH" missed="3" covered="3"/><counter type="LINE" missed="0" covered="2"/><counter type="COMPLEXITY" missed="3" covered="1"/><counter type="METHOD" missed="0" covered="1"/></method><method name="getDataLastRecord" desc="(I)I" line="242"><counter type="INSTRUCTION" missed="4" covered="18"/><counter type="BRANCH" missed="3" covered="3"/><counter type="LINE" missed="0" covered="2"/><counter type="COMPLEXITY" missed="3" covered="1"/><counter type="METHOD" missed="0" covered="1"/></method><method name="&lt;clinit&gt;" desc="()V" line="34"><counter type="INSTRUCTION" missed="2" covered="15"/><counter type="BRANCH" missed="1" covered="1"/><counter type="LINE" missed="0" covered="4"/><counter type="COMPLEXITY" missed="1" covered="1"/><counter type="METHOD" missed="0" covered="1"/></method><counter type="INSTRUCTION" missed="59" covered="446"/><counter type="BRANCH" missed="14" covered="30"/><counter type="LINE" missed="5" covered="67"/><counter type="COMPLEXITY" missed="15" covered="22"/><counter type="METHOD" missed="1" covered="14"/><counter type="CLASS" missed="0" covered="1"/></class><class name="com/mapcode/MapcodeCodec"><method name="encode" desc="(DD)Ljava/util/List;" line="71"><counter type="INSTRUCTION" missed="0" covered="5"/><counter type="LINE" missed="0" covered="1"/><counter type="COMPLEXITY" missed="0" covered="1"/><counter type="METHOD" missed="0" covered="1"/></method><method name="encode" desc="(Lcom/mapcode/Point;)Ljava/util/List;" line="77"><counter type="INSTRUCTION" missed="0" covered="9"/><counter type="LINE" missed="0" covered="2"/><counter type="COMPLEXITY" missed="0" covered="1"/><counter type="METHOD" missed="0" covered="1"/></method><method name="encode" desc="(DDLcom/mapcode/Territory;)Ljava/util/List;" line="102"><counter type="INSTRUCTION" missed="4" covered="12"/><counter type="BRANCH" missed="2" covered="2"/><counter type="LINE" missed="0" covered="3"/><counter type="COMPLEXITY" missed="2" covered="1"/><counter type="METHOD" missed="0" covered="1"/></method><method name="encode" desc="(Lcom/mapcode/Point;Lcom/mapcode/Territory;)Ljava/util/List;" line="111"><counter type="INSTRUCTION" missed="0" covered="10"/><counter type="LINE" missed="0" covered="2"/><counter type="COMPLEXITY" missed="0" covered="1"/><counter type="METHOD" missed="0" covered="1"/></method><method name="encodeRestrictToCountryISO2" desc="(DDLjava/lang/String;)Ljava/util/List;" line="132"><counter type="INSTRUCTION" missed="0" covered="59"/><counter type="BRANCH" missed="0" covered="6"/><counter type="LINE" missed="0" covered="12"/><counter type="COMPLEXITY" missed="0" covered="4"/><counter type="METHOD" missed="0" covered="1"/></method><method name="encodeRestrictToCountryISO2" desc="(Lcom/mapcode/Point;Ljava/lang/String;)Ljava/util/List;" line="156"><counter type="INSTRUCTION" missed="0" covered="10"/><counter type="LINE" missed="0" covered="2"/><counter type="COMPLEXITY" missed="0" covered="1"/><counter type="METHOD" missed="0" covered="1"/></method><method name="encodeRestrictToCountryISO3" desc="(DDLjava/lang/String;)Ljava/util/List;" line="177"><counter type="INSTRUCTION" missed="0" covered="9"/><counter type="LINE" missed="0" covered="2"/><counter type="COMPLEXITY" missed="0" covered="1"/><counter type="METHOD" missed="0" covered="1"/></method><method name="encodeRestrictToCountryISO3" desc="(Lcom/mapcode/Point;Ljava/lang/String;)Ljava/util/List;" line="185"><counter type="INSTRUCTION" missed="0" covered="10"/><counter type="LINE" missed="0" covered="2"/><counter type="COMPLEXITY" missed="0" covered="1"/><counter type="METHOD" missed="0" covered="1"/></method><method name="encodeToShortest" desc="(DDLcom/mapcode/Territory;)Lcom/mapcode/Mapcode;" line="203"><counter type="INSTRUCTION" missed="8" covered="47"/><counter type="BRANCH" missed="4" covered="6"/><counter type="LINE" missed="0" covered="8"/><counter type="COMPLEXITY" missed="4" covered="2"/><counter type="METHOD" missed="0" covered="1"/></method><method name="encodeToShortest" desc="(Lcom/mapcode/Point;Lcom/mapcode/Territory;)Lcom/mapcode/Mapcode;" line="221"><counter type="INSTRUCTION" missed="0" covered="10"/><counter type="LINE" missed="0" covered="2"/><counter type="COMPLEXITY" missed="0" covered="1"/><counter type="METHOD" missed="0" covered="1"/></method><method name="encodeToInternational" desc="(DD)Lcom/mapcode/Mapcode;" line="238"><counter type="INSTRUCTION" missed="8" covered="23"/><counter type="BRANCH" missed="4" covered="4"/><counter type="LINE" missed="0" covered="4"/><counter type="COMPLEXITY" missed="4" covered="1"/><counter type="METHOD" missed="0" covered="1"/></method><method name="encodeToInternational" desc="(Lcom/mapcode/Point;)Lcom/mapcode/Mapcode;" line="247"><counter type="INSTRUCTION" missed="0" covered="9"/><counter type="LINE" missed="0" covered="2"/><counter type="COMPLEXITY" missed="0" covered="1"/><counter type="METHOD" missed="0" covered="1"/></method><method name="decode" desc="(Ljava/lang/String;)Lcom/mapcode/Point;" line="274"><counter type="INSTRUCTION" missed="0" covered="4"/><counter type="LINE" missed="0" covered="1"/><counter type="COMPLEXITY" missed="0" covered="1"/><counter type="METHOD" missed="0" covered="1"/></method><method name="decode" desc="(Ljava/lang/String;Lcom/mapcode/Territory;)Lcom/mapcode/Point;" line="296"><counter type="INSTRUCTION" missed="0" covered="29"/><counter type="BRANCH" missed="0" covered="2"/><counter type="LINE" missed="0" covered="5"/><counter type="COMPLEXITY" missed="0" covered="2"/><counter type="METHOD" missed="0" covered="1"/></method><method name="decodeToRectangle" desc="(Ljava/lang/String;)Lcom/mapcode/Rectangle;" line="320"><counter type="INSTRUCTION" missed="0" covered="4"/><counter type="LINE" missed="0" covered="1"/><counter type="COMPLEXITY" missed="0" covered="1"/><counter type="METHOD" missed="0" covered="1"/></method><method name="decodeToRectangle" desc="(Ljava/lang/String;Lcom/mapcode/Territory;)Lcom/mapcode/Rectangle;" line="339"><counter type="INSTRUCTION" missed="4" covered="32"/><counter type="BRANCH" missed="2" covered="2"/><counter type="LINE" missed="0" covered="7"/><counter type="COMPLEXITY" missed="2" covered="1"/><counter type="METHOD" missed="0" covered="1"/></method><method name="isNearMultipleBorders" desc="(Lcom/mapcode/Point;Lcom/mapcode/Territory;)Z" line="356"><counter type="INSTRUCTION" missed="13" covered="60"/><counter type="BRANCH" missed="7" covered="9"/><counter type="LINE" missed="5" covered="14"/><counter type="COMPLEXITY" missed="5" covered="4"/><counter type="METHOD" missed="0" covered="1"/></method><method name="decodeToMapcodeZone" desc="(Ljava/lang/String;Lcom/mapcode/Territory;)Lcom/mapcode/MapcodeZone;" line="389"><counter type="INSTRUCTION" missed="13" covered="47"/><counter type="BRANCH" missed="0" covered="4"/><counter type="LINE" missed="2" covered="12"/><counter type="COMPLEXITY" missed="0" covered="3"/><counter type="METHOD" missed="0" covered="1"/></method><method name="&lt;clinit&gt;" desc="()V" line="36"><counter type="INSTRUCTION" missed="2" covered="8"/><counter type="BRANCH" missed="1" covered="1"/><counter type="LINE" missed="0" covered="2"/><counter type="COMPLEXITY" missed="1" covered="1"/><counter type="METHOD" missed="0" covered="1"/></method><counter type="INSTRUCTION" missed="52" covered="397"/><counter type="BRANCH" missed="20" covered="36"/><counter type="LINE" missed="7" covered="84"/><counter type="COMPLEXITY" missed="18" covered="29"/><counter type="METHOD" missed="0" covered="19"/><counter type="CLASS" missed="0" covered="1"/></class><class name="com/mapcode/Encoder"><method name="encode" desc="(DDLcom/mapcode/Territory;Z)Ljava/util/List;" line="59"><counter type="INSTRUCTION" missed="0" covered="7"/><counter type="LINE" missed="0" covered="1"/><counter type="COMPLEXITY" missed="0" covered="1"/><counter type="METHOD" missed="0" covered="1"/></method><method name="encode" desc="(DDLcom/mapcode/Territory;ZLcom/mapcode/Territory;)Ljava/util/List;" line="76"><counter type="INSTRUCTION" missed="13" covered="194"/><counter type="BRANCH" missed="3" covered="39"/><counter type="LINE" missed="2" covered="41"/><counter type="COMPLEXITY" missed="3" covered="19"/><counter type="METHOD" missed="0" covered="1"/></method><method name="encodeExtension" desc="(Lcom/mapcode/Point;IIIII)Ljava/lang/String;" line="170"><counter type="INSTRUCTION" missed="1" covered="111"/><counter type="BRANCH" missed="1" covered="3"/><counter type="LINE" missed="1" covered="22"/><counter type="COMPLEXITY" missed="1" covered="2"/><counter type="METHOD" missed="0" covered="1"/></method><method name="encodeGrid" desc="(ILcom/mapcode/Point;)Ljava/lang/String;" line="211"><counter type="INSTRUCTION" missed="4" covered="378"/><counter type="BRANCH" missed="4" covered="28"/><counter type="LINE" missed="2" covered="60"/><counter type="COMPLEXITY" missed="4" covered="13"/><counter type="METHOD" missed="0" covered="1"/></method><method name="encodeAutoHeader" desc="(Lcom/mapcode/Point;I)Ljava/lang/String;" line="311"><counter type="INSTRUCTION" missed="0" covered="256"/><counter type="BRANCH" missed="1" covered="13"/><counter type="LINE" missed="0" covered="42"/><counter type="COMPLEXITY" missed="1" covered="7"/><counter type="METHOD" missed="0" covered="1"/></method><method name="encodeNameless" desc="(Lcom/mapcode/Point;II)Ljava/lang/String;" line="383"><counter type="INSTRUCTION" missed="2" covered="352"/><counter type="BRANCH" missed="2" covered="36"/><counter type="LINE" missed="1" covered="56"/><counter type="COMPLEXITY" missed="2" covered="18"/><counter type="METHOD" missed="0" covered="1"/></method><method name="aeuPack" desc="(Ljava/lang/String;Z)Ljava/lang/String;" line="474"><counter type="INSTRUCTION" missed="0" covered="169"/><counter type="BRANCH" missed="2" covered="14"/><counter type="LINE" missed="0" covered="20"/><counter type="COMPLEXITY" missed="2" covered="7"/><counter type="METHOD" missed="0" covered="1"/></method><method name="encodeBase31" desc="(II)Ljava/lang/String;" line="512"><counter type="INSTRUCTION" missed="0" covered="28"/><counter type="BRANCH" missed="0" covered="2"/><counter type="LINE" missed="0" covered="8"/><counter type="COMPLEXITY" missed="0" covered="2"/><counter type="METHOD" missed="0" covered="1"/></method><method name="encodeSixWide" desc="(IIII)I" line="529"><counter type="INSTRUCTION" missed="0" covered="44"/><counter type="BRANCH" missed="0" covered="2"/><counter type="LINE" missed="0" covered="7"/><counter type="COMPLEXITY" missed="0" covered="2"/><counter type="METHOD" missed="0" covered="1"/></method><method name="encodeTriple" desc="(II)Ljava/lang/String;" line="544"><counter type="INSTRUCTION" missed="0" covered="57"/><counter type="BRANCH" missed="0" covered="2"/><counter type="LINE" missed="0" covered="3"/><counter type="COMPLEXITY" missed="0" covered="2"/><counter type="METHOD" missed="0" covered="1"/></method><method name="&lt;clinit&gt;" desc="()V" line="37"><counter type="INSTRUCTION" missed="2" covered="150"/><counter type="BRANCH" missed="1" covered="1"/><counter type="LINE" missed="0" covered="4"/><counter type="COMPLEXITY" missed="1" covered="1"/><counter type="METHOD" missed="0" covered="1"/></method><counter type="INSTRUCTION" missed="22" covered="1746"/><counter type="BRANCH" missed="14" covered="140"/><counter type="LINE" missed="6" covered="264"/><counter type="COMPLEXITY" missed="14" covered="74"/><counter type="METHOD" missed="0" covered="11"/><counter type="CLASS" missed="0" covered="1"/></class><class name="com/mapcode/Mapcode"><method name="&lt;init&gt;" desc="(Ljava/lang/String;Lcom/mapcode/Territory;)V" line="79"><counter type="INSTRUCTION" missed="64" covered="40"/><counter type="BRANCH" missed="6" covered="4"/><counter type="LINE" missed="6" covered="13"/><counter type="COMPLEXITY" missed="5" covered="1"/><counter type="METHOD" missed="0" covered="1"/></method><method name="getCode" desc="(Lcom/mapcode/Alphabet;)Ljava/lang/String;" line="125"><counter type="INSTRUCTION" missed="0" covered="5"/><counter type="LINE" missed="0" covered="1"/><counter type="COMPLEXITY" missed="0" covered="1"/><counter type="METHOD" missed="0" covered="1"/></method><method name="getCode" desc="()Ljava/lang/String;" line="130"><counter type="INSTRUCTION" missed="0" covered="5"/><counter type="LINE" missed="0" covered="1"/><counter type="COMPLEXITY" missed="0" covered="1"/><counter type="METHOD" missed="0" covered="1"/></method><method name="getCode" desc="(ILcom/mapcode/Alphabet;)Ljava/lang/String;" line="154"><counter type="INSTRUCTION" missed="5" covered="31"/><counter type="BRANCH" missed="1" covered="3"/><counter type="LINE" missed="1" covered="4"/><counter type="COMPLEXITY" missed="1" covered="2"/><counter type="METHOD" missed="0" covered="1"/></method><method name="getCode" desc="(I)Ljava/lang/String;" line="166"><counter type="INSTRUCTION" missed="0" covered="5"/><counter type="LINE" missed="0" covered="1"/><counter type="COMPLEXITY" missed="0" covered="1"/><counter type="METHOD" missed="0" covered="1"/></method><method name="getCodeWithTerritoryFullname" desc="(ILcom/mapcode/Alphabet;)Ljava/lang/String;" line="185"><counter type="INSTRUCTION" missed="16" covered="0"/><counter type="LINE" missed="1" covered="0"/><counter type="COMPLEXITY" missed="1" covered="0"/><counter type="METHOD" missed="1" covered="0"/></method><method name="getCodeWithTerritoryFullname" desc="(I)Ljava/lang/String;" line="190"><counter type="INSTRUCTION" missed="5" covered="0"/><counter type="LINE" missed="1" covered="0"/><counter type="COMPLEXITY" missed="1" covered="0"/><counter type="METHOD" missed="1" covered="0"/></method><method name="getCodeWithTerritoryFullname" desc="(Lcom/mapcode/Alphabet;)Ljava/lang/String;" line="195"><counter type="INSTRUCTION" missed="5" covered="0"/><counter type="LINE" missed="1" covered="0"/><counter type="COMPLEXITY" missed="1" covered="0"/><counter type="METHOD" missed="1" covered="0"/></method><method name="getCodeWithTerritoryFullname" desc="()Ljava/lang/String;" line="200"><counter type="INSTRUCTION" missed="5" covered="0"/><counter type="LINE" missed="1" covered="0"/><counter type="COMPLEXITY" missed="1" covered="0"/><counter type="METHOD" missed="1" covered="0"/></method><method name="getCodeWithTerritory" desc="(ILcom/mapcode/Alphabet;)Ljava/lang/String;" line="220"><counter type="INSTRUCTION" missed="0" covered="16"/><counter type="LINE" missed="0" covered="1"/><counter type="COMPLEXITY" missed="0" covered="1"/><counter type="METHOD" missed="0" covered="1"/></method><method name="getCodeWithTerritory" desc="(I)Ljava/lang/String;" line="225"><counter type="INSTRUCTION" missed="0" covered="5"/><counter type="LINE" missed="0" covered="1"/><counter type="COMPLEXITY" missed="0" covered="1"/><counter type="METHOD" missed="0" covered="1"/></method><method name="getCodeWithTerritory" desc="(Lcom/mapcode/Alphabet;)Ljava/lang/String;" line="230"><counter type="INSTRUCTION" missed="5" covered="0"/><counter type="LINE" missed="1" covered="0"/><counter type="COMPLEXITY" missed="1" covered="0"/><counter type="METHOD" missed="1" covered="0"/></method><method name="getCodeWithTerritory" desc="()Ljava/lang/String;" line="235"><counter type="INSTRUCTION" missed="0" covered="5"/><counter type="LINE" missed="0" covered="1"/><counter type="COMPLEXITY" missed="0" covered="1"/><counter type="METHOD" missed="0" covered="1"/></method><method name="getTerritory" desc="()Lcom/mapcode/Territory;" line="245"><counter type="INSTRUCTION" missed="0" covered="3"/><counter type="LINE" missed="0" covered="1"/><counter type="COMPLEXITY" missed="0" covered="1"/><counter type="METHOD" missed="0" covered="1"/></method><method name="getPrecisionFormat" desc="(Ljava/lang/String;)I" line="290"><counter type="INSTRUCTION" missed="4" covered="50"/><counter type="BRANCH" missed="3" covered="7"/><counter type="LINE" missed="0" covered="9"/><counter type="COMPLEXITY" missed="3" covered="3"/><counter type="METHOD" missed="0" covered="1"/></method><method name="isValidMapcodeFormat" desc="(Ljava/lang/String;)Z" line="317"><counter type="INSTRUCTION" missed="0" covered="12"/><counter type="LINE" missed="0" covered="5"/><counter type="COMPLEXITY" missed="0" covered="1"/><counter type="METHOD" missed="0" covered="1"/></method><method name="containsTerritory" desc="(Ljava/lang/String;)Z" line="335"><counter type="INSTRUCTION" missed="0" covered="10"/><counter type="LINE" missed="0" covered="2"/><counter type="COMPLEXITY" missed="0" covered="1"/><counter type="METHOD" missed="0" covered="1"/></method><method name="getSafeMaxOffsetInMeters" desc="(I)D" line="367"><counter type="INSTRUCTION" missed="5" covered="9"/><counter type="BRANCH" missed="2" covered="2"/><counter type="LINE" missed="1" covered="2"/><counter type="COMPLEXITY" missed="2" covered="1"/><counter type="METHOD" missed="0" covered="1"/></method><method name="convertStringToPlainAscii" desc="(Ljava/lang/String;)Ljava/lang/String;" line="381"><counter type="INSTRUCTION" missed="0" covered="4"/><counter type="LINE" missed="0" covered="1"/><counter type="COMPLEXITY" missed="0" covered="1"/><counter type="METHOD" missed="0" covered="1"/></method><method name="convertStringToAlphabet" desc="(Ljava/lang/String;Lcom/mapcode/Alphabet;)Ljava/lang/String;" line="395"><counter type="INSTRUCTION" missed="0" covered="11"/><counter type="BRANCH" missed="0" covered="2"/><counter type="LINE" missed="0" covered="2"/><counter type="COMPLEXITY" missed="0" covered="2"/><counter type="METHOD" missed="0" covered="1"/></method><method name="toString" desc="()Ljava/lang/String;" line="408"><counter type="INSTRUCTION" missed="0" covered="3"/><counter type="LINE" missed="0" covered="1"/><counter type="COMPLEXITY" missed="0" covered="1"/><counter type="METHOD" missed="0" covered="1"/></method><method name="hashCode" desc="()I" line="413"><counter type="INSTRUCTION" missed="14" covered="0"/><counter type="LINE" missed="1" covered="0"/><counter type="COMPLEXITY" missed="1" covered="0"/><counter type="METHOD" missed="1" covered="0"/></method><method name="equals" desc="(Ljava/lang/Object;)Z" line="418"><counter type="INSTRUCTION" missed="4" covered="24"/><counter type="BRANCH" missed="2" covered="6"/><counter type="LINE" missed="2" covered="5"/><counter type="COMPLEXITY" missed="2" covered="3"/><counter type="METHOD" missed="0" covered="1"/></method><method name="&lt;clinit&gt;" desc="()V" line="55"><counter type="INSTRUCTION" missed="2" covered="54"/><counter type="BRANCH" missed="1" covered="1"/><counter type="LINE" missed="0" covered="5"/><counter type="COMPLEXITY" missed="1" covered="1"/><counter type="METHOD" missed="0" covered="1"/></method><counter type="INSTRUCTION" missed="134" covered="292"/><counter type="BRANCH" missed="15" covered="25"/><counter type="LINE" missed="16" covered="56"/><counter type="COMPLEXITY" missed="20" covered="24"/><counter type="METHOD" missed="6" covered="18"/><counter type="CLASS" missed="0" covered="1"/></class><class name="com/mapcode/Boundary"><method name="&lt;init&gt;" desc="(IIII)V" line="37"><counter type="INSTRUCTION" missed="0" covered="15"/><counter type="LINE" missed="0" covered="6"/><counter type="COMPLEXITY" missed="0" covered="1"/><counter type="METHOD" missed="0" covered="1"/></method><method name="createBoundaryForTerritoryRecord" desc="(I)Lcom/mapcode/Boundary;" line="47"><counter type="INSTRUCTION" missed="0" covered="16"/><counter type="LINE" missed="0" covered="3"/><counter type="COMPLEXITY" missed="0" covered="1"/><counter type="METHOD" missed="0" covered="1"/></method><method name="getLonMicroDegMin" desc="()I" line="54"><counter type="INSTRUCTION" missed="0" covered="3"/><counter type="LINE" missed="0" covered="1"/><counter type="COMPLEXITY" missed="0" covered="1"/><counter type="METHOD" missed="0" covered="1"/></method><method name="getLonMicroDegMax" desc="()I" line="58"><counter type="INSTRUCTION" missed="0" covered="3"/><counter type="LINE" missed="0" covered="1"/><counter type="COMPLEXITY" missed="0" covered="1"/><counter type="METHOD" missed="0" covered="1"/></method><method name="getLatMicroDegMin" desc="()I" line="62"><counter type="INSTRUCTION" missed="0" covered="3"/><counter type="LINE" missed="0" covered="1"/><counter type="COMPLEXITY" missed="0" covered="1"/><counter type="METHOD" missed="0" covered="1"/></method><method name="getLatMicroDegMax" desc="()I" line="66"><counter type="INSTRUCTION" missed="0" covered="3"/><counter type="LINE" missed="0" covered="1"/><counter type="COMPLEXITY" missed="0" covered="1"/><counter type="METHOD" missed="0" covered="1"/></method><method name="extendBoundary" desc="(II)Lcom/mapcode/Boundary;" line="71"><counter type="INSTRUCTION" missed="0" covered="26"/><counter type="LINE" missed="0" covered="5"/><counter type="COMPLEXITY" missed="0" covered="1"/><counter type="METHOD" missed="0" covered="1"/></method><method name="containsPoint" desc="(Lcom/mapcode/Point;)Z" line="88"><counter type="INSTRUCTION" missed="2" covered="61"/><counter type="BRANCH" missed="2" covered="16"/><counter type="LINE" missed="1" covered="10"/><counter type="COMPLEXITY" missed="2" covered="8"/><counter type="METHOD" missed="0" covered="1"/></method><method name="toString" desc="()Ljava/lang/String;" line="109"><counter type="INSTRUCTION" missed="35" covered="0"/><counter type="LINE" missed="1" covered="0"/><counter type="COMPLEXITY" missed="1" covered="0"/><counter type="METHOD" missed="1" covered="0"/></method><method name="&lt;clinit&gt;" desc="()V" line="35"><counter type="INSTRUCTION" missed="0" covered="3"/><counter type="LINE" missed="0" covered="1"/><counter type="COMPLEXITY" missed="0" covered="1"/><counter type="METHOD" missed="0" covered="1"/></method><counter type="INSTRUCTION" missed="37" covered="133"/><counter type="BRANCH" missed="2" covered="16"/><counter type="LINE" missed="2" covered="29"/><counter type="COMPLEXITY" missed="3" covered="16"/><counter type="METHOD" missed="1" covered="9"/><counter type="CLASS" missed="0" covered="1"/></class><sourcefile name="Mapcode.java"><line nr="55" mi="2" ci="5" mb="1" cb="1"/><line nr="79" mi="0" ci="2" mb="0" cb="0"/><line nr="81" mi="0" ci="3" mb="0" cb="0"/><line nr="82" mi="0" ci="3" mb="0" cb="0"/><line nr="83" mi="0" ci="3" mb="1" cb="1"/><line nr="84" mi="12" ci="0" mb="0" cb="0"/><line nr="88" mi="0" ci="3" mb="0" cb="0"/><line nr="89" mi="0" ci="4" mb="0" cb="0"/><line nr="90" mi="0" ci="2" mb="1" cb="1"/><line nr="91" mi="10" ci="0" mb="0" cb="0"/><line nr="93" mi="0" ci="7" mb="0" cb="0"/><line nr="94" mi="0" ci="3" mb="1" cb="1"/><line nr="95" mi="5" ci="0" mb="2" cb="0"/><line nr="97" mi="15" ci="0" mb="0" cb="0"/><line nr="100" mi="15" ci="0" mb="0" cb="0"/><line nr="102" mi="0" ci="3" mb="1" cb="1"/><line nr="104" mi="7" ci="0" mb="0" cb="0"/><line nr="108" mi="0" ci="3" mb="0" cb="0"/><line nr="109" mi="0" ci="3" mb="0" cb="0"/><line nr="110" mi="0" ci="1" mb="0" cb="0"/><line nr="125" mi="0" ci="5" mb="0" cb="0"/><line nr="130" mi="0" ci="5" mb="0" cb="0"/><line nr="154" mi="0" ci="2" mb="0" cb="2"/><line nr="155" mi="0" ci="12" mb="0" cb="0"/><line nr="156" mi="0" ci="3" mb="1" cb="1"/><line nr="157" mi="0" ci="14" mb="0" cb="0"/><line nr="160" mi="5" ci="0" mb="0" cb="0"/><line nr="166" mi="0" ci="5" mb="0" cb="0"/><line nr="185" mi="16" ci="0" mb="0" cb="0"/><line nr="190" mi="5" ci="0" mb="0" cb="0"/><line nr="195" mi="5" ci="0" mb="0" cb="0"/><line nr="200" mi="5" ci="0" mb="0" cb="0"/><line nr="220" mi="0" ci="16" mb="0" cb="0"/><line nr="225" mi="0" ci="5" mb="0" cb="0"/><line nr="230" mi="5" ci="0" mb="0" cb="0"/><line nr="235" mi="0" ci="5" mb="0" cb="0"/><line nr="245" mi="0" ci="3" mb="0" cb="0"/><line nr="270" mi="0" ci="3" mb="0" cb="0"/><line nr="272" mi="0" ci="3" mb="0" cb="0"/><line nr="274" mi="0" ci="3" mb="0" cb="0"/><line nr="290" mi="0" ci="4" mb="0" cb="0"/><line nr="293" mi="0" ci="5" mb="0" cb="2"/><line nr="294" mi="0" ci="14" mb="0" cb="0"/><line nr="299" mi="0" ci="4" mb="0" cb="0"/><line nr="300" mi="0" ci="3" mb="0" cb="2"/><line nr="301" mi="0" ci="2" mb="0" cb="0"/><line nr="303" mi="0" ci="8" mb="0" cb="0"/><line nr="304" mi="4" ci="8" mb="3" cb="3"/><line nr="305" mi="0" ci="2" mb="0" cb="0"/><line nr="317" mi="0" ci="3" mb="0" cb="0"/><line nr="320" mi="0" ci="4" mb="0" cb="0"/><line nr="321" mi="0" ci="2" mb="0" cb="0"/><line nr="322" mi="0" ci="1" mb="0" cb="0"/><line nr="323" mi="0" ci="2" mb="0" cb="0"/><line nr="335" mi="0" ci="3" mb="0" cb="0"/><line nr="336" mi="0" ci="7" mb="0" cb="0"/><line nr="343" mi="0" ci="40" mb="0" cb="0"/><line nr="367" mi="0" ci="5" mb="2" cb="2"/><line nr="368" mi="5" ci="0" mb="0" cb="0"/><line nr="370" mi="0" ci="4" mb="0" cb="0"/><line nr="381" mi="0" ci="4" mb="0" cb="0"/><line nr="395" mi="0" ci="10" mb="0" cb="2"/><line nr="396" mi="0" ci="1" mb="0" cb="0"/><line nr="408" mi="0" ci="3" mb="0" cb="0"/><line nr="413" mi="14" ci="0" mb="0" cb="0"/><line nr="418" mi="0" ci="3" mb="1" cb="1"/><line nr="419" mi="2" ci="0" mb="0" cb="0"/><line nr="421" mi="0" ci="3" mb="1" cb="1"/><line nr="422" mi="2" ci="0" mb="0" cb="0"/><line nr="424" mi="0" ci="3" mb="0" cb="0"/><line nr="425" mi="0" ci="10" mb="0" cb="2"/><line nr="426" mi="0" ci="5" mb="0" cb="2"/><counter type="INSTRUCTION" missed="134" covered="292"/><counter type="BRANCH" missed="15" covered="25"/><counter type="LINE" missed="16" covered="56"/><counter type="COMPLEXITY" missed="20" covered="24"/><counter type="METHOD" missed="6" covered="18"/><counter type="CLASS" missed="0" covered="1"/></sourcefile><sourcefile name="Decoder.java"><line nr="33" mi="2" ci="5" mb="1" cb="1"/><line nr="35" mi="0" ci="3" mb="0" cb="0"/><line nr="38" mi="0" ci="2" mb="0" cb="0"/><line nr="52" mi="0" ci="6" mb="0" cb="0"/><line nr="54" mi="0" ci="2" mb="0" cb="0"/><line nr="55" mi="0" ci="2" mb="0" cb="0"/><line nr="57" mi="0" ci="2" mb="0" cb="0"/><line nr="58" mi="0" ci="4" mb="0" cb="0"/><line nr="59" mi="0" ci="2" mb="0" cb="2"/><line nr="60" mi="0" ci="8" mb="0" cb="0"/><line nr="61" mi="0" ci="4" mb="1" cb="1"/><line nr="62" mi="16" ci="0" mb="0" cb="0"/><line nr="66" mi="0" ci="5" mb="0" cb="0"/><line nr="68" mi="4" ci="6" mb="2" cb="2"/><line nr="71" mi="0" ci="4" mb="0" cb="0"/><line nr="72" mi="0" ci="3" mb="1" cb="1"/><line nr="74" mi="4" ci="0" mb="0" cb="0"/><line nr="75" mi="16" ci="0" mb="0" cb="0"/><line nr="78" mi="0" ci="5" mb="0" cb="0"/><line nr="81" mi="0" ci="3" mb="0" cb="2"/><line nr="83" mi="4" ci="5" mb="2" cb="2"/><line nr="84" mi="0" ci="3" mb="0" cb="0"/><line nr="86" mi="0" ci="3" mb="0" cb="0"/><line nr="87" mi="0" ci="30" mb="0" cb="20"/><line nr="93" mi="0" ci="2" mb="0" cb="0"/><line nr="96" mi="0" ci="3" mb="0" cb="0"/><line nr="98" mi="0" ci="4" mb="0" cb="0"/><line nr="99" mi="0" ci="4" mb="0" cb="0"/><line nr="102" mi="0" ci="4" mb="0" cb="0"/><line nr="103" mi="0" ci="8" mb="0" cb="0"/><line nr="105" mi="0" ci="4" mb="0" cb="0"/><line nr="106" mi="0" ci="7" mb="0" cb="2"/><line nr="107" mi="0" ci="3" mb="0" cb="0"/><line nr="108" mi="0" ci="3" mb="0" cb="0"/><line nr="109" mi="0" ci="3" mb="0" cb="2"/><line nr="111" mi="0" ci="3" mb="0" cb="2"/><line nr="113" mi="0" ci="18" mb="0" cb="12"/><line nr="116" mi="0" ci="5" mb="0" cb="0"/><line nr="117" mi="0" ci="1" mb="0" cb="0"/><line nr="122" mi="0" ci="9" mb="1" cb="5"/><line nr="125" mi="0" ci="4" mb="0" cb="0"/><line nr="126" mi="0" ci="4" mb="0" cb="0"/><line nr="127" mi="0" ci="5" mb="0" cb="0"/><line nr="131" mi="0" ci="5" mb="0" cb="0"/><line nr="133" mi="0" ci="6" mb="0" cb="4"/><line nr="134" mi="0" ci="2" mb="0" cb="0"/><line nr="136" mi="0" ci="3" mb="0" cb="0"/><line nr="138" mi="0" ci="9" mb="0" cb="2"/><line nr="139" mi="0" ci="3" mb="1" cb="1"/><line nr="140" mi="0" ci="5" mb="0" cb="2"/><line nr="141" mi="0" ci="1" mb="0" cb="0"/><line nr="142" mi="0" ci="1" mb="0" cb="0"/><line nr="147" mi="0" ci="2" mb="0" cb="2"/><line nr="149" mi="0" ci="4" mb="0" cb="0"/><line nr="150" mi="0" ci="7" mb="0" cb="2"/><line nr="151" mi="0" ci="3" mb="1" cb="1"/><line nr="152" mi="0" ci="5" mb="0" cb="0"/><line nr="153" mi="0" ci="3" mb="0" cb="2"/><line nr="154" mi="0" ci="1" mb="0" cb="0"/><line nr="155" mi="0" ci="3" mb="0" cb="2"/><line nr="157" mi="0" ci="5" mb="0" cb="0"/><line nr="165" mi="0" ci="3" mb="0" cb="2"/><line nr="166" mi="0" ci="5" mb="0" cb="0"/><line nr="170" mi="0" ci="2" mb="0" cb="2"/><line nr="171" mi="0" ci="4" mb="0" cb="0"/><line nr="173" mi="0" ci="1" mb="0" cb="0"/><line nr="177" mi="0" ci="4" mb="0" cb="2"/><line nr="179" mi="0" ci="6" mb="0" cb="2"/><line nr="180" mi="0" ci="7" mb="0" cb="2"/><line nr="181" mi="0" ci="6" mb="0" cb="0"/><line nr="182" mi="0" ci="4" mb="0" cb="0"/><line nr="183" mi="0" ci="5" mb="0" cb="0"/><line nr="185" mi="0" ci="1" mb="0" cb="0"/><line nr="188" mi="4" ci="7" mb="1" cb="3"/><line nr="189" mi="0" ci="3" mb="1" cb="1"/><line nr="191" mi="0" ci="12" mb="1" cb="7"/><line nr="193" mi="0" ci="5" mb="0" cb="0"/><line nr="194" mi="0" ci="1" mb="0" cb="0"/><line nr="199" mi="0" ci="5" mb="0" cb="0"/><line nr="200" mi="0" ci="4" mb="0" cb="0"/><line nr="201" mi="0" ci="2" mb="0" cb="0"/><line nr="208" mi="0" ci="1027" mb="0" cb="0"/><line nr="234" mi="0" ci="2" mb="0" cb="0"/><line nr="235" mi="0" ci="3" mb="0" cb="0"/><line nr="236" mi="0" ci="3" mb="0" cb="0"/><line nr="237" mi="0" ci="3" mb="0" cb="0"/><line nr="238" mi="0" ci="1" mb="0" cb="0"/><line nr="248" mi="0" ci="4175" mb="0" cb="0"/><line nr="282" mi="0" ci="373" mb="0" cb="0"/><line nr="341" mi="0" ci="2" mb="0" cb="0"/><line nr="344" mi="0" ci="5" mb="0" cb="0"/><line nr="345" mi="0" ci="4" mb="0" cb="0"/><line nr="347" mi="0" ci="6" mb="1" cb="3"/><line nr="348" mi="0" ci="1" mb="0" cb="0"/><line nr="349" mi="0" ci="20" mb="0" cb="0"/><line nr="351" mi="0" ci="4" mb="0" cb="0"/><line nr="355" mi="0" ci="4" mb="0" cb="0"/><line nr="356" mi="0" ci="3" mb="0" cb="2"/><line nr="357" mi="0" ci="4" mb="0" cb="0"/><line nr="358" mi="0" ci="5" mb="0" cb="0"/><line nr="360" mi="0" ci="6" mb="0" cb="0"/><line nr="363" mi="0" ci="9" mb="1" cb="5"/><line nr="364" mi="0" ci="22" mb="0" cb="0"/><line nr="367" mi="0" ci="3" mb="0" cb="0"/><line nr="369" mi="0" ci="6" mb="0" cb="4"/><line nr="371" mi="0" ci="5" mb="0" cb="0"/><line nr="372" mi="0" ci="3" mb="0" cb="0"/><line nr="373" mi="0" ci="3" mb="0" cb="0"/><line nr="374" mi="0" ci="1" mb="0" cb="0"/><line nr="375" mi="0" ci="4" mb="0" cb="0"/><line nr="376" mi="0" ci="8" mb="0" cb="0"/><line nr="379" mi="0" ci="10" mb="0" cb="0"/><line nr="380" mi="0" ci="10" mb="0" cb="0"/><line nr="382" mi="0" ci="6" mb="0" cb="0"/><line nr="383" mi="0" ci="6" mb="0" cb="0"/><line nr="385" mi="0" ci="4" mb="0" cb="0"/><line nr="386" mi="0" ci="8" mb="0" cb="0"/><line nr="387" mi="0" ci="4" mb="0" cb="0"/><line nr="388" mi="0" ci="8" mb="0" cb="0"/><line nr="390" mi="0" ci="6" mb="0" cb="0"/><line nr="396" mi="0" ci="3" mb="0" cb="2"/><line nr="397" mi="0" ci="3" mb="0" cb="0"/><line nr="398" mi="0" ci="3" mb="0" cb="0"/><line nr="399" mi="0" ci="3" mb="0" cb="0"/><line nr="400" mi="0" ci="1" mb="0" cb="0"/><line nr="401" mi="0" ci="3" mb="0" cb="2"/><line nr="402" mi="0" ci="22" mb="0" cb="0"/><line nr="404" mi="0" ci="3" mb="0" cb="0"/><line nr="405" mi="0" ci="4" mb="0" cb="0"/><line nr="406" mi="0" ci="4" mb="0" cb="0"/><line nr="409" mi="0" ci="6" mb="0" cb="0"/><line nr="411" mi="0" ci="6" mb="0" cb="0"/><line nr="412" mi="0" ci="6" mb="0" cb="0"/><line nr="414" mi="0" ci="4" mb="0" cb="0"/><line nr="415" mi="0" ci="5" mb="1" cb="1"/><line nr="416" mi="18" ci="0" mb="0" cb="0"/><line nr="417" mi="4" ci="0" mb="0" cb="0"/><line nr="420" mi="0" ci="11" mb="0" cb="2"/><line nr="421" mi="0" ci="11" mb="0" cb="2"/><line nr="422" mi="0" ci="12" mb="0" cb="0"/><line nr="431" mi="0" ci="2" mb="0" cb="0"/><line nr="432" mi="0" ci="3" mb="0" cb="0"/><line nr="433" mi="0" ci="3" mb="0" cb="2"/><line nr="434" mi="0" ci="15" mb="0" cb="0"/><line nr="436" mi="0" ci="14" mb="0" cb="0"/><line nr="439" mi="0" ci="5" mb="0" cb="0"/><line nr="441" mi="0" ci="4" mb="0" cb="0"/><line nr="442" mi="0" ci="4" mb="0" cb="0"/><line nr="443" mi="0" ci="2" mb="0" cb="0"/><line nr="445" mi="0" ci="2" mb="0" cb="0"/><line nr="447" mi="0" ci="6" mb="0" cb="4"/><line nr="448" mi="0" ci="6" mb="0" cb="0"/><line nr="450" mi="0" ci="7" mb="0" cb="2"/><line nr="451" mi="0" ci="7" mb="0" cb="0"/><line nr="453" mi="0" ci="10" mb="0" cb="4"/><line nr="454" mi="0" ci="12" mb="0" cb="0"/><line nr="456
[...]
ne nr="396" mi="0" ci="10" mb="0" cb="0"/><line nr="397" mi="0" ci="10" mb="0" cb="0"/><line nr="398" mi="0" ci="16" mb="0" cb="0"/><line nr="399" mi="0" ci="10" mb="0" cb="0"/><line nr="400" mi="0" ci="10" mb="0" cb="0"/><line nr="401" mi="0" ci="10" mb="0" cb="0"/><line nr="402" mi="0" ci="10" mb="0" cb="0"/><line nr="403" mi="0" ci="10" mb="0" cb="0"/><line nr="404" mi="0" ci="10" mb="0" cb="0"/><line nr="405" mi="0" ci="10" mb="0" cb="0"/><line nr="406" mi="0" ci="10" mb="0" cb="0"/><line nr="407" mi="0" ci="10" mb="0" cb="0"/><line nr="408" mi="0" ci="10" mb="0" cb="0"/><line nr="409" mi="0" ci="10" mb="0" cb="0"/><line nr="410" mi="0" ci="10" mb="0" cb="0"/><line nr="411" mi="0" ci="10" mb="0" cb="0"/><line nr="412" mi="0" ci="10" mb="0" cb="0"/><line nr="413" mi="0" ci="10" mb="0" cb="0"/><line nr="414" mi="0" ci="10" mb="0" cb="0"/><line nr="415" mi="0" ci="10" mb="0" cb="0"/><line nr="416" mi="0" ci="10" mb="0" cb="0"/><line nr="417" mi="0" ci="10" mb="0" cb="0"/><line nr="418" mi="0" ci="10" mb="0" cb="0"/><line nr="419" mi="0" ci="10" mb="0" cb="0"/><line nr="420" mi="0" ci="10" mb="0" cb="0"/><line nr="421" mi="0" ci="10" mb="0" cb="0"/><line nr="422" mi="0" ci="10" mb="0" cb="0"/><line nr="423" mi="0" ci="10" mb="0" cb="0"/><line nr="424" mi="0" ci="10" mb="0" cb="0"/><line nr="425" mi="0" ci="10" mb="0" cb="0"/><line nr="426" mi="0" ci="10" mb="0" cb="0"/><line nr="427" mi="0" ci="10" mb="0" cb="0"/><line nr="428" mi="0" ci="10" mb="0" cb="0"/><line nr="429" mi="0" ci="10" mb="0" cb="0"/><line nr="430" mi="0" ci="10" mb="0" cb="0"/><line nr="431" mi="0" ci="10" mb="0" cb="0"/><line nr="432" mi="0" ci="10" mb="0" cb="0"/><line nr="433" mi="0" ci="10" mb="0" cb="0"/><line nr="434" mi="0" ci="10" mb="0" cb="0"/><line nr="435" mi="0" ci="10" mb="0" cb="0"/><line nr="436" mi="0" ci="10" mb="0" cb="0"/><line nr="437" mi="0" ci="10" mb="0" cb="0"/><line nr="438" mi="0" ci="10" mb="0" cb="0"/><line nr="439" mi="0" ci="10" mb="0" cb="0"/><line nr="440" mi="0" ci="10" mb="0" cb="0"/><line nr="441" mi="0" ci="10" mb="0" cb="0"/><line nr="442" mi="0" ci="10" mb="0" cb="0"/><line nr="443" mi="0" ci="10" mb="0" cb="0"/><line nr="444" mi="0" ci="10" mb="0" cb="0"/><line nr="445" mi="0" ci="10" mb="0" cb="0"/><line nr="446" mi="0" ci="10" mb="0" cb="0"/><line nr="447" mi="0" ci="10" mb="0" cb="0"/><line nr="448" mi="0" ci="10" mb="0" cb="0"/><line nr="449" mi="0" ci="10" mb="0" cb="0"/><line nr="450" mi="0" ci="10" mb="0" cb="0"/><line nr="451" mi="0" ci="10" mb="0" cb="0"/><line nr="452" mi="0" ci="10" mb="0" cb="0"/><line nr="453" mi="0" ci="10" mb="0" cb="0"/><line nr="454" mi="0" ci="19" mb="0" cb="0"/><line nr="455" mi="0" ci="19" mb="0" cb="0"/><line nr="456" mi="0" ci="19" mb="0" cb="0"/><line nr="457" mi="0" ci="19" mb="0" cb="0"/><line nr="458" mi="0" ci="19" mb="0" cb="0"/><line nr="459" mi="0" ci="19" mb="0" cb="0"/><line nr="460" mi="0" ci="19" mb="0" cb="0"/><line nr="461" mi="0" ci="19" mb="0" cb="0"/><line nr="462" mi="0" ci="19" mb="0" cb="0"/><line nr="463" mi="0" ci="19" mb="0" cb="0"/><line nr="464" mi="0" ci="19" mb="0" cb="0"/><line nr="465" mi="0" ci="19" mb="0" cb="0"/><line nr="466" mi="0" ci="19" mb="0" cb="0"/><line nr="467" mi="0" ci="19" mb="0" cb="0"/><line nr="468" mi="0" ci="25" mb="0" cb="0"/><line nr="469" mi="0" ci="19" mb="0" cb="0"/><line nr="470" mi="0" ci="19" mb="0" cb="0"/><line nr="471" mi="0" ci="19" mb="0" cb="0"/><line nr="472" mi="0" ci="25" mb="0" cb="0"/><line nr="473" mi="0" ci="19" mb="0" cb="0"/><line nr="474" mi="0" ci="19" mb="0" cb="0"/><line nr="475" mi="0" ci="19" mb="0" cb="0"/><line nr="476" mi="0" ci="19" mb="0" cb="0"/><line nr="477" mi="0" ci="19" mb="0" cb="0"/><line nr="478" mi="0" ci="19" mb="0" cb="0"/><line nr="479" mi="0" ci="19" mb="0" cb="0"/><line nr="480" mi="0" ci="19" mb="0" cb="0"/><line nr="481" mi="0" ci="19" mb="0" cb="0"/><line nr="482" mi="0" ci="19" mb="0" cb="0"/><line nr="483" mi="0" ci="19" mb="0" cb="0"/><line nr="484" mi="0" ci="19" mb="0" cb="0"/><line nr="485" mi="0" ci="19" mb="0" cb="0"/><line nr="486" mi="0" ci="19" mb="0" cb="0"/><line nr="487" mi="0" ci="19" mb="0" cb="0"/><line nr="488" mi="0" ci="19" mb="0" cb="0"/><line nr="489" mi="0" ci="19" mb="0" cb="0"/><line nr="490" mi="0" ci="19" mb="0" cb="0"/><line nr="491" mi="0" ci="19" mb="0" cb="0"/><line nr="492" mi="0" ci="19" mb="0" cb="0"/><line nr="493" mi="0" ci="19" mb="0" cb="0"/><line nr="494" mi="0" ci="19" mb="0" cb="0"/><line nr="495" mi="0" ci="19" mb="0" cb="0"/><line nr="496" mi="0" ci="19" mb="0" cb="0"/><line nr="497" mi="0" ci="19" mb="0" cb="0"/><line nr="498" mi="0" ci="19" mb="0" cb="0"/><line nr="499" mi="0" ci="19" mb="0" cb="0"/><line nr="500" mi="0" ci="25" mb="0" cb="0"/><line nr="501" mi="0" ci="19" mb="0" cb="0"/><line nr="502" mi="0" ci="19" mb="0" cb="0"/><line nr="503" mi="0" ci="19" mb="0" cb="0"/><line nr="504" mi="0" ci="25" mb="0" cb="0"/><line nr="505" mi="0" ci="19" mb="0" cb="0"/><line nr="506" mi="0" ci="19" mb="0" cb="0"/><line nr="507" mi="0" ci="19" mb="0" cb="0"/><line nr="508" mi="0" ci="19" mb="0" cb="0"/><line nr="509" mi="0" ci="19" mb="0" cb="0"/><line nr="510" mi="0" ci="19" mb="0" cb="0"/><line nr="511" mi="0" ci="25" mb="0" cb="0"/><line nr="512" mi="0" ci="19" mb="0" cb="0"/><line nr="513" mi="0" ci="19" mb="0" cb="0"/><line nr="514" mi="0" ci="19" mb="0" cb="0"/><line nr="515" mi="0" ci="25" mb="0" cb="0"/><line nr="516" mi="0" ci="19" mb="0" cb="0"/><line nr="517" mi="0" ci="19" mb="0" cb="0"/><line nr="518" mi="0" ci="19" mb="0" cb="0"/><line nr="519" mi="0" ci="19" mb="0" cb="0"/><line nr="520" mi="0" ci="19" mb="0" cb="0"/><line nr="521" mi="0" ci="19" mb="0" cb="0"/><line nr="522" mi="0" ci="19" mb="0" cb="0"/><line nr="523" mi="0" ci="19" mb="0" cb="0"/><line nr="524" mi="0" ci="19" mb="0" cb="0"/><line nr="525" mi="0" ci="19" mb="0" cb="0"/><line nr="526" mi="0" ci="19" mb="0" cb="0"/><line nr="527" mi="0" ci="19" mb="0" cb="0"/><line nr="528" mi="0" ci="19" mb="0" cb="0"/><line nr="529" mi="0" ci="19" mb="0" cb="0"/><line nr="530" mi="0" ci="19" mb="0" cb="0"/><line nr="531" mi="0" ci="19" mb="0" cb="0"/><line nr="532" mi="0" ci="25" mb="0" cb="0"/><line nr="533" mi="0" ci="19" mb="0" cb="0"/><line nr="534" mi="0" ci="19" mb="0" cb="0"/><line nr="535" mi="0" ci="19" mb="0" cb="0"/><line nr="536" mi="0" ci="26" mb="0" cb="0"/><line nr="537" mi="0" ci="25" mb="0" cb="0"/><line nr="538" mi="0" ci="25" mb="0" cb="0"/><line nr="539" mi="0" ci="25" mb="0" cb="0"/><line nr="540" mi="0" ci="25" mb="0" cb="0"/><line nr="541" mi="0" ci="25" mb="0" cb="0"/><line nr="542" mi="0" ci="25" mb="0" cb="0"/><line nr="543" mi="0" ci="25" mb="0" cb="0"/><line nr="544" mi="0" ci="25" mb="0" cb="0"/><line nr="545" mi="0" ci="25" mb="0" cb="0"/><line nr="546" mi="0" ci="25" mb="0" cb="0"/><line nr="547" mi="0" ci="25" mb="0" cb="0"/><line nr="548" mi="0" ci="25" mb="0" cb="0"/><line nr="549" mi="0" ci="25" mb="0" cb="0"/><line nr="550" mi="0" ci="25" mb="0" cb="0"/><line nr="551" mi="0" ci="25" mb="0" cb="0"/><line nr="552" mi="0" ci="25" mb="0" cb="0"/><line nr="553" mi="0" ci="25" mb="0" cb="0"/><line nr="554" mi="0" ci="25" mb="0" cb="0"/><line nr="555" mi="0" ci="25" mb="0" cb="0"/><line nr="556" mi="0" ci="25" mb="0" cb="0"/><line nr="557" mi="0" ci="25" mb="0" cb="0"/><line nr="558" mi="0" ci="31" mb="0" cb="0"/><line nr="559" mi="0" ci="25" mb="0" cb="0"/><line nr="560" mi="0" ci="25" mb="0" cb="0"/><line nr="561" mi="0" ci="25" mb="0" cb="0"/><line nr="562" mi="0" ci="25" mb="0" cb="0"/><line nr="563" mi="0" ci="25" mb="0" cb="0"/><line nr="564" mi="0" ci="35" mb="0" cb="0"/><line nr="565" mi="0" ci="25" mb="0" cb="0"/><line nr="566" mi="0" ci="25" mb="0" cb="0"/><line nr="567" mi="0" ci="25" mb="0" cb="0"/><line nr="568" mi="0" ci="24" mb="0" cb="0"/><line nr="569" mi="0" ci="8" mb="0" cb="0"/><line nr="570" mi="0" ci="21" mb="0" cb="0"/><line nr="573" mi="0" ci="37" mb="0" cb="0"/><line nr="574" mi="0" ci="1" mb="0" cb="0"/><line nr="595" mi="0" ci="3" mb="0" cb="0"/><line nr="605" mi="3" ci="0" mb="0" cb="0"/><line nr="615" mi="3" ci="0" mb="0" cb="0"/><line nr="625" mi="0" ci="3" mb="0" cb="0"/><line nr="635" mi="3" ci="0" mb="0" cb="0"/><line nr="645" mi="0" ci="3" mb="0" cb="0"/><line nr="658" mi="0" ci="6" mb="0" cb="4"/><line nr="659" mi="0" ci="5" mb="0" cb="0"/><line nr="661" mi="0" ci="5" mb="0" cb="0"/><line nr="683" mi="0" ci="3" mb="0" cb="0"/><line nr="684" mi="0" ci="4" mb="0" cb="0"/><line nr="699" mi="0" ci="3" mb="0" cb="0"/><line nr="700" mi="0" ci="3" mb="0" cb="0"/><line nr="701" mi="0" ci="4" mb="1" cb="1"/><line nr="702" mi="14" ci="0" mb="0" cb="0"/><line nr="704" mi="0" ci="4" mb="0" cb="0"/><line nr="716" mi="0" ci="4" mb="0" cb="0"/><line nr="727" mi="0" ci="6" mb="0" cb="0"/><line nr="728" mi="0" ci="2" mb="0" cb="2"/><line nr="729" mi="0" ci="14" mb="0" cb="0"/><line nr="731" mi="0" ci="2" mb="0" cb="0"/><line nr="743" mi="0" ci="4" mb="0" cb="2"/><line nr="744" mi="0" ci="2" mb="0" cb="0"/><line nr="748" mi="0" ci="6" mb="0" cb="0"/><line nr="750" mi="0" ci="4" mb="0" cb="0"/><line nr="751" mi="0" ci="1" mb="0" cb="0"/><line nr="752" mi="0" ci="14" mb="0" cb="0"/><line nr="765" mi="0" ci="5" mb="0" cb="2"/><line nr="766" mi="0" ci="14" mb="0" cb="0"/><line nr="768" mi="0" ci="3" mb="0" cb="0"/><line nr="780" mi="0" ci="5" mb="0" cb="0"/><line nr="792" mi="0" ci="4" mb="0" cb="0"/><line nr="798" mi="0" ci="16" mb="0" cb="0"/><line nr="799" mi="0" ci="6" mb="0" cb="0"/><line nr="800" mi="0" ci="6" mb="0" cb="0"/><line nr="801" mi="0" ci="6" mb="0" cb="0"/><line nr="813" mi="0" ci="3" mb="0" cb="0"/><line nr="814" mi="0" ci="6" mb="0" cb="0"/><line nr="815" mi="0" ci="3" mb="1" cb="1"/><line nr="816" mi="5" ci="0" mb="0" cb="0"/><line nr="817" mi="3" ci="0" mb="2" cb="0"/><line nr="818" mi="13" ci="0" mb="4" cb="0"/><line nr="819" mi="7" ci="0" mb="0" cb="0"/><line nr="820" mi="10" ci="0" mb="4" cb="0"/><line nr="821" mi="2" ci="0" mb="0" cb="0"/><line nr="825" mi="0" ci="2" mb="0" cb="2"/><line nr="827" mi="0" ci="4" mb="0" cb="0"/><line nr="828" mi="1" ci="0" mb="0" cb="0"/><line nr="830" mi="0" ci="1" mb="0" cb="0"/><line nr="832" mi="0" ci="2" mb="0" cb="0"/><line nr="837" mi="0" ci="5" mb="0" cb="0"/><line nr="846" mi="7" ci="0" mb="2" cb="0"/><line nr="855" mi="4" ci="0" mb="0" cb="0"/><line nr="863" mi="0" ci="10" mb="0" cb="0"/><line nr="864" mi="0" ci="1" mb="0" cb="0"/><line nr="869" mi="0" ci="10" mb="0" cb="0"/><line nr="870" mi="0" ci="1" mb="0" cb="0"/><line nr="876" mi="0" ci="10" mb="0" cb="0"/><line nr="877" mi="0" ci="1" mb="0" cb="0"/><line nr="884" mi="0" ci="10" mb="0" cb="0"/><line nr="885" mi="0" ci="1" mb="0" cb="0"/><line nr="892" mi="0" ci="4" mb="0" cb="0"/><line nr="893" mi="4" ci="4" mb="2" cb="2"/><line nr="894" mi="0" ci="3" mb="0" cb="0"/><line nr="895" mi="0" ci="3" mb="0" cb="0"/><line nr="896" mi="0" ci="12" mb="0" cb="2"/><line nr="897" mi="0" ci="3" mb="0" cb="0"/><line nr="898" mi="0" ci="8" mb="0" cb="2"/><line nr="899" mi="0" ci="8" mb="0" cb="2"/><line nr="900" mi="0" ci="1" mb="0" cb="0"/><line nr="913" mi="0" ci="2" mb="0" cb="0"/><line nr="914" mi="0" ci="6" mb="0" cb="0"/><line nr="915" mi="0" ci="16" mb="0" cb="2"/><line nr="916" mi="0" ci="7" mb="0" cb="0"/><line nr="917" mi="0" ci="7" mb="0" cb="0"/><line nr="921" mi="0" ci="5" mb="0" cb="0"/><line nr="928" mi="0" ci="2" mb="0" cb="0"/><line nr="929" mi="0" ci="4" mb="0" cb="0"/><line nr="930" mi="0" ci="4" mb="0" cb="0"/><line nr="931" mi="0" ci="4" mb="0" cb="0"/><line nr="932" mi="0" ci="2" mb="0" cb="0"/><line nr="933" mi="0" ci="2" mb="0" cb="0"/><line nr="934" mi="0" ci="4" mb="0" cb="0"/><line nr="935" mi="0" ci="4" mb="0" cb="0"/><line nr="937" mi="0" ci="16" mb="0" cb="2"/><line nr="938" mi="0" ci="3" mb="0" cb="0"/><line nr="941" mi="0" ci="6" mb="2" cb="2"/><line nr="942" mi="12" ci="0" mb="0" cb="0"/><line nr="947" mi="0" ci="5" mb="1" cb="1"/><line nr="948" mi="12" ci="0" mb="0" cb="0"/><line nr="950" mi="0" ci="6" mb="0" cb="0"/><line nr="952" mi="0" ci="3" mb="0" cb="0"/><line nr="953" mi="0" ci="8" mb="0" cb="2"/><line nr="954" mi="0" ci="4" mb="0" cb="0"/><line nr="956" mi="0" ci="6" mb="0" cb="0"/><line nr="957" mi="0" ci="8" mb="0" cb="4"/><line nr="958" mi="0" ci="5" mb="0" cb="0"/><line nr="962" mi="0" ci="5" mb="1" cb="1"/><line nr="963" mi="12" ci="0" mb="0" cb="0"/><line nr="965" mi="0" ci="5" mb="0" cb="0"/><line nr="966" mi="0" ci="4" mb="0" cb="0"/><line nr="967" mi="0" ci="17" mb="0" cb="2"/><line nr="970" mi="0" ci="4" mb="1" cb="1"/><line nr="971" mi="12" ci="0" mb="0" cb="0"/><line nr="973" mi="0" ci="4" mb="0" cb="0"/><line nr="974" mi="0" ci="3" mb="0" cb="0"/><line nr="978" mi="0" ci="13" mb="1" cb="3"/><line nr="979" mi="14" ci="0" mb="0" cb="0"/><line nr="981" mi="0" ci="5" mb="0" cb="0"/><line nr="982" mi="0" ci="17" mb="0" cb="2"/><line nr="985" mi="0" ci="5" mb="1" cb="1"/><line nr="986" mi="12" ci="0" mb="0" cb="0"/><line nr="988" mi="0" ci="5" mb="0" cb="0"/><line nr="989" mi="0" ci="4" mb="0" cb="0"/><line nr="991" mi="0" ci="5" mb="0" cb="0"/><line nr="992" mi="0" ci="5" mb="0" cb="0"/><line nr="993" mi="4" ci="6" mb="2" cb="2"/><line nr="995" mi="4" ci="7" mb="2" cb="2"/><line nr="1000" mi="0" ci="8" mb="2" cb="2"/><line nr="1001" mi="16" ci="0" mb="0" cb="0"/><line nr="1003" mi="0" ci="1" mb="0" cb="0"/><line nr="1018" mi="0" ci="2" mb="0" cb="0"/><line nr="1019" mi="0" ci="6" mb="0" cb="0"/><line nr="1022" mi="0" ci="5" mb="0" cb="0"/><line nr="1023" mi="0" ci="2" mb="0" cb="2"/><line nr="1024" mi="0" ci="2" mb="0" cb="2"/><line nr="1025" mi="0" ci="5" mb="0" cb="0"/><line nr="1027" mi="0" ci="10" mb="0" cb="2"/><line nr="1028" mi="0" ci="4" mb="0" cb="2"/><line nr="1029" mi="0" ci="2" mb="0" cb="0"/><line nr="1031" mi="0" ci="2" mb="0" cb="0"/><line nr="1035" mi="0" ci="4" mb="0" cb="0"/><line nr="1036" mi="0" ci="3" mb="0" cb="0"/><line nr="1037" mi="0" ci="1" mb="0" cb="0"/><line nr="1038" mi="0" ci="2" mb="0" cb="2"/><line nr="1039" mi="0" ci="5" mb="0" cb="0"/><line nr="1040" mi="0" ci="4" mb="0" cb="0"/><line nr="1041" mi="0" ci="4" mb="0" cb="2"/><line nr="1042" mi="0" ci="6" mb="0" cb="0"/><line nr="1043" mi="0" ci="4" mb="0" cb="0"/><line nr="1044" mi="0" ci="4" mb="0" cb="2"/><line nr="1045" mi="0" ci="2" mb="0" cb="0"/><line nr="1050" mi="0" ci="5" mb="0" cb="0"/><line nr="1063" mi="0" ci="3" mb="0" cb="0"/><line nr="1065" mi="0" ci="4" mb="0" cb="2"/><line nr="1066" mi="0" ci="8" mb="0" cb="0"/><line nr="1070" mi="0" ci="3" mb="0" cb="0"/><line nr="1072" mi="0" ci="3" mb="0" cb="2"/><line nr="1075" mi="0" ci="13" mb="0" cb="0"/><line nr="1076" mi="0" ci="4" mb="1" cb="1"/><line nr="1077" mi="0" ci="3" mb="0" cb="0"/><line nr="1081" mi="0" ci="18" mb="0" cb="2"/><line nr="1082" mi="0" ci="11" mb="0" cb="0"/><line nr="1083" mi="0" ci="4" mb="0" cb="2"/><line nr="1084" mi="0" ci="3" mb="0" cb="0"/><line nr="1089" mi="0" ci="1" mb="0" cb="0"/><line nr="1092" mi="0" ci="3" mb="0" cb="0"/><line nr="1096" mi="0" ci="4" mb="0" cb="2"/><line nr="1097" mi="0" ci="6" mb="0" cb="0"/><line nr="1099" mi="0" ci="1" mb="0" cb="0"/><line nr="1102" mi="0" ci="4" mb="0" cb="2"/><line nr="1103" mi="0" ci="5" mb="0" cb="0"/><line nr="1107" mi="0" ci="3" mb="0" cb="0"/><line nr="1108" mi="0" ci="7" mb="0" cb="4"/><line nr="1111" mi="0" ci="2" mb="0" cb="0"/><line nr="1112" mi="0" ci="4" mb="0" cb="0"/><line nr="1113" mi="0" ci="1" mb="0" cb="0"/><line nr="1116" mi="0" ci="2" mb="0" cb="2"/><line nr="1117" mi="0" ci="8" mb="0" cb="2"/><line nr="1119" mi="0" ci="6" mb="0" cb="0"/><line nr="1120" mi="0" ci="10" mb="0" cb="4"/><line nr="1122" mi="0" ci="1" mb="0" cb="0"/><line nr="1124" mi="0" ci="3" mb="0" cb="2"/><line nr="1125" mi="0" ci="4" mb="0" cb="2"/><line nr="1126" mi="0" ci="4" mb="0" cb="0"/><line nr="1127" mi="0" ci="1" mb="0" cb="0"/><line nr="1131" mi="0" ci="4" mb="0" cb="0"/><line nr="1132" mi="0" ci="1" mb="0" cb="0"/><line nr="1133" mi="0" ci="4" mb="0" cb="0"/><line nr="1134" mi="0" ci="4" mb="0" cb="0"/><line nr="1135" mi="0" ci="5" mb="0" cb="0"/><line nr="1137" mi="0" ci="1" mb="0" cb="0"/><counter type="INSTRUCTION" missed="179" covered="11136"/><counter type="BRANCH" missed="31" covered="95"/><counter type="LINE" missed="20" covered="698"/><counter type="COMPLEXITY" missed="30" covered="63"/><counter type="METHOD" missed="5" covered="25"/><counter type="CLASS" missed="0" covered="2"/></sourcefile><sourcefile name="UnknownPrecisionFormatException.java"><line nr="25" mi="2" ci="6" mb="1" cb="1"/><line nr="29" mi="0" ci="3" mb="0" cb="0"/><line nr="30" mi="4" ci="4" mb="2" cb="2"/><line nr="31" mi="0" ci="1" mb="0" cb="0"/><counter type="INSTRUCTION" missed="6" covered="14"/><counter type="BRANCH" missed="3" covered="3"/><counter type="LINE" missed="0" covered="4"/><counter type="COMPLEXITY" missed="3" covered="2"/><counter type="METHOD" missed="0" covered="2"/><counter type="CLASS" missed="0" covered="1"/></sourcefile><sourcefile name="UnknownAlphabetException.java"><line nr="25" mi="2" ci="6" mb="1" cb="1"/><line nr="29" mi="0" ci="3" mb="0" cb="0"/><line nr="30" mi="4" ci="4" mb="2" cb="2"/><line nr="31" mi="0" ci="1" mb="0" cb="0"/><counter type="INSTRUCTION" missed="6" covered="14"/><counter type="BRANCH" missed="3" covered="3"/><counter type="LINE" missed="0" covered="4"/><counter type="COMPLEXITY" missed="3" covered="2"/><counter type="METHOD" missed="0" covered="2"/><counter type="CLASS" missed="0" covered="1"/></sourcefile><sourcefile name="Alphabet.java"><line nr="34" mi="0" ci="116" mb="0" cb="0"/><line nr="35" mi="0" ci="7" mb="0" cb="0"/><line nr="36" mi="0" ci="7" mb="0" cb="0"/><line nr="37" mi="0" ci="7" mb="0" cb="0"/><line nr="38" mi="0" ci="7" mb="0" cb="0"/><line nr="39" mi="0" ci="7" mb="0" cb="0"/><line nr="40" mi="0" ci="7" mb="0" cb="0"/><line nr="41" mi="0" ci="7" mb="0" cb="0"/><line nr="42" mi="0" ci="7" mb="0" cb="0"/><line nr="43" mi="0" ci="7" mb="0" cb="0"/><line nr="44" mi="0" ci="7" mb="0" cb="0"/><line nr="45" mi="0" ci="7" mb="0" cb="0"/><line nr="46" mi="0" ci="7" mb="0" cb="0"/><line nr="47" mi="0" ci="7" mb="0" cb="0"/><line nr="48" mi="0" ci="7" mb="0" cb="0"/><line nr="49" mi="0" ci="7" mb="0" cb="0"/><line nr="50" mi="0" ci="7" mb="0" cb="0"/><line nr="51" mi="0" ci="7" mb="0" cb="0"/><line nr="52" mi="0" ci="7" mb="0" cb="0"/><line nr="53" mi="0" ci="7" mb="0" cb="0"/><line nr="54" mi="0" ci="7" mb="0" cb="0"/><line nr="55" mi="0" ci="7" mb="0" cb="0"/><line nr="56" mi="0" ci="7" mb="0" cb="0"/><line nr="57" mi="0" ci="7" mb="0" cb="0"/><line nr="58" mi="0" ci="7" mb="0" cb="0"/><line nr="59" mi="0" ci="7" mb="0" cb="0"/><line nr="60" mi="0" ci="7" mb="0" cb="0"/><line nr="61" mi="0" ci="7" mb="0" cb="0"/><line nr="62" mi="0" ci="7" mb="0" cb="0"/><line nr="74" mi="0" ci="4" mb="0" cb="0"/><line nr="75" mi="0" ci="3" mb="0" cb="0"/><line nr="76" mi="0" ci="1" mb="0" cb="0"/><line nr="84" mi="0" ci="3" mb="0" cb="0"/><line nr="96" mi="0" ci="3" mb="0" cb="0"/><line nr="97" mi="0" ci="4" mb="0" cb="0"/><line nr="99" mi="0" ci="3" mb="0" cb="0"/><line nr="100" mi="0" ci="1" mb="0" cb="0"/><line nr="101" mi="0" ci="5" mb="0" cb="0"/><counter type="INSTRUCTION" missed="0" covered="339"/><counter type="LINE" missed="0" covered="38"/><counter type="COMPLEXITY" missed="0" covered="4"/><counter type="METHOD" missed="0" covered="4"/><counter type="CLASS" missed="0" covered="1"/></sourcefile><counter type="INSTRUCTION" missed="1024" covered="25501"/><counter type="BRANCH" missed="282" covered="908"/><counter type="LINE" missed="117" covered="2023"/><counter type="COMPLEXITY" missed="288" covered="513"/><counter type="METHOD" missed="21" covered="185"/><counter type="CLASS" missed="0" covered="21"/></package><counter type="INSTRUCTION" missed="1024" covered="25501"/><counter type="BRANCH" missed="282" covered="908"/><counter type="LINE" missed="117" covered="2023"/><counter type="COMPLEXITY" missed="288" covered="513"/><counter type="METHOD" missed="21" covered="185"/><counter type="CLASS" missed="0" covered="21"/></report>